<?xml version="1.0" encoding="utf-8"?>
<CoverageSession>
  <Summary numSequencePoints="941" visitedSequencePoints="481" numBranchPoints="86" visitedBranchPoints="15" sequenceCoverage="51.11" branchCoverage="17.44" maxCyclomaticComplexity="96" minCyclomaticComplexity="4" visitedClasses="60" numClasses="74" visitedMethods="128" numMethods="224" />
  <Modules>
    <Module hash="BAB66311-4210-4837-8AB1-B712BA09895F">
      <ModulePath>StefaniniCore.API.dll</ModulePath>
      <ModuleTime>2021-03-23T05:18:39</ModuleTime>
      <ModuleName>StefaniniCore.API</ModuleName>
      <Files>
        <File uid="1" fullPath="C:\Git_Repos\Stefanini_Prova_Tecnica_Net_Core\Project\Backend_.NetCore_3_1\StefaniniCore.API\Program.cs" />
        <File uid="2" fullPath="C:\Git_Repos\Stefanini_Prova_Tecnica_Net_Core\Project\Backend_.NetCore_3_1\StefaniniCore.API\Startup.cs" />
        <File uid="3" fullPath="C:\Git_Repos\Stefanini_Prova_Tecnica_Net_Core\Project\Backend_.NetCore_3_1\StefaniniCore.API\Controllers\ProfileTypesController.cs" />
        <File uid="4" fullPath="C:\Git_Repos\Stefanini_Prova_Tecnica_Net_Core\Project\Backend_.NetCore_3_1\StefaniniCore.API\Controllers\TasksController.cs" />
        <File uid="5" fullPath="C:\Git_Repos\Stefanini_Prova_Tecnica_Net_Core\Project\Backend_.NetCore_3_1\StefaniniCore.API\Controllers\Base\MainController.cs" />
      </Files>
      <Classes>
        <Class>
          <Summary numSequencePoints="8" visitedSequencePoints="5" numBranchPoints="0" visitedBranchPoints="0" sequenceCoverage="62.5" branchCoverage="100" maxCyclomaticComplexity="1" minCyclomaticComplexity="1" visitedClasses="1" numClasses="1" visitedMethods="1" numMethods="2" />
          <FullName>StefaniniCore.API.Program</FullName>
          <Methods>
            <Method cyclomaticComplexity="1" nPathComplexity="0" sequenceCoverage="0" branchCoverage="100" isConstructor="False" isGetter="False" isSetter="False" isStatic="True">
              <Summary numSequencePoints="3" visitedSequencePoints="0" numBranchPoints="0" visitedBranchPoints="0" sequenceCoverage="0" branchCoverage="100" maxCyclomaticComplexity="1" minCyclomaticComplexity="1" visitedClasses="0" numClasses="0" visitedMethods="0" numMethods="1" />
              <MetadataToken />
              <Name>System.Void StefaniniCore.API.Program::Main(System.String[])</Name>
              <FileRef uid="1" />
              <SequencePoints>
                <SequencePoint vc="0" uspid="9" ordinal="0" sl="9" sc="1" el="9" ec="2" bec="0" bev="0" fileid="1" />
                <SequencePoint vc="0" uspid="10" ordinal="1" sl="10" sc="1" el="10" ec="2" bec="0" bev="0" fileid="1" />
                <SequencePoint vc="0" uspid="11" ordinal="2" sl="11" sc="1" el="11" ec="2" bec="0" bev="0" fileid="1" />
              </SequencePoints>
              <BranchPoints />
              <MethodPoint vc="0" uspid="0" p8:type="SequencePoint" ordinal="0" offset="0" sc="0" sl="9" ec="1" el="11" bec="0" bev="0" fileid="1" xmlns:p8="xsi" />
            </Method>
            <Method cyclomaticComplexity="1" nPathComplexity="0" sequenceCoverage="100" branchCoverage="100" isConstructor="False" isGetter="False" isSetter="False" isStatic="True">
              <Summary numSequencePoints="5" visitedSequencePoints="5" numBranchPoints="0" visitedBranchPoints="0" sequenceCoverage="100" branchCoverage="100" maxCyclomaticComplexity="1" minCyclomaticComplexity="1" visitedClasses="0" numClasses="0" visitedMethods="1" numMethods="1" />
              <MetadataToken />
              <Name>Microsoft.Extensions.Hosting.IHostBuilder StefaniniCore.API.Program::CreateHostBuilder(System.String[])</Name>
              <FileRef uid="1" />
              <SequencePoints>
                <SequencePoint vc="1" uspid="14" ordinal="0" sl="14" sc="1" el="14" ec="2" bec="0" bev="0" fileid="1" />
                <SequencePoint vc="1" uspid="15" ordinal="1" sl="15" sc="1" el="15" ec="2" bec="0" bev="0" fileid="1" />
                <SequencePoint vc="1" uspid="16" ordinal="2" sl="16" sc="1" el="16" ec="2" bec="0" bev="0" fileid="1" />
                <SequencePoint vc="1" uspid="17" ordinal="3" sl="17" sc="1" el="17" ec="2" bec="0" bev="0" fileid="1" />
                <SequencePoint vc="2" uspid="18" ordinal="4" sl="18" sc="1" el="18" ec="2" bec="0" bev="0" fileid="1" />
              </SequencePoints>
              <BranchPoints />
              <MethodPoint vc="5" uspid="0" p8:type="SequencePoint" ordinal="1" offset="1" sc="0" sl="14" ec="1" el="18" bec="0" bev="0" fileid="1" xmlns:p8="xsi" />
            </Method>
          </Methods>
        </Class>
        <Class>
          <Summary numSequencePoints="35" visitedSequencePoints="35" numBranchPoints="2" visitedBranchPoints="2" sequenceCoverage="100" branchCoverage="100" maxCyclomaticComplexity="2" minCyclomaticComplexity="1" visitedClasses="1" numClasses="1" visitedMethods="4" numMethods="4" />
          <FullName>StefaniniCore.API.Startup</FullName>
          <Methods>
            <Method cyclomaticComplexity="1" nPathComplexity="0" sequenceCoverage="100" branchCoverage="100" isConstructor="False" isGetter="True" isSetter="False" isStatic="True">
              <Summary numSequencePoints="1" visitedSequencePoints="1" numBranchPoints="0" visitedBranchPoints="0" sequenceCoverage="100" branchCoverage="100" maxCyclomaticComplexity="1" minCyclomaticComplexity="1" visitedClasses="0" numClasses="0" visitedMethods="1" numMethods="1" />
              <MetadataToken />
              <Name>Microsoft.Extensions.Configuration.IConfiguration StefaniniCore.API.Startup::get_Configuration()</Name>
              <FileRef uid="2" />
              <SequencePoints>
                <SequencePoint vc="8" uspid="15" ordinal="0" sl="15" sc="1" el="15" ec="2" bec="0" bev="0" fileid="2" />
              </SequencePoints>
              <BranchPoints />
              <MethodPoint vc="1" uspid="0" p8:type="SequencePoint" ordinal="0" offset="0" sc="0" sl="15" ec="1" el="15" bec="0" bev="0" fileid="2" xmlns:p8="xsi" />
            </Method>
            <Method cyclomaticComplexity="1" nPathComplexity="0" sequenceCoverage="100" branchCoverage="100" isConstructor="False" isGetter="False" isSetter="False" isStatic="True">
              <Summary numSequencePoints="13" visitedSequencePoints="13" numBranchPoints="0" visitedBranchPoints="0" sequenceCoverage="100" branchCoverage="100" maxCyclomaticComplexity="1" minCyclomaticComplexity="1" visitedClasses="0" numClasses="0" visitedMethods="1" numMethods="1" />
              <MetadataToken />
              <Name>System.Void StefaniniCore.API.Startup::ConfigureServices(Microsoft.Extensions.DependencyInjection.IServiceCollection)</Name>
              <FileRef uid="2" />
              <SequencePoints>
                <SequencePoint vc="1" uspid="24" ordinal="0" sl="24" sc="1" el="24" ec="2" bec="0" bev="0" fileid="2" />
                <SequencePoint vc="1" uspid="25" ordinal="1" sl="25" sc="1" el="25" ec="2" bec="0" bev="0" fileid="2" />
                <SequencePoint vc="1" uspid="26" ordinal="2" sl="26" sc="1" el="26" ec="2" bec="0" bev="0" fileid="2" />
                <SequencePoint vc="1" uspid="27" ordinal="3" sl="27" sc="1" el="27" ec="2" bec="0" bev="0" fileid="2" />
                <SequencePoint vc="1" uspid="28" ordinal="4" sl="28" sc="1" el="28" ec="2" bec="0" bev="0" fileid="2" />
                <SequencePoint vc="2" uspid="29" ordinal="5" sl="29" sc="1" el="29" ec="2" bec="0" bev="0" fileid="2" />
                <SequencePoint vc="1" uspid="32" ordinal="6" sl="32" sc="1" el="32" ec="2" bec="0" bev="0" fileid="2" />
                <SequencePoint vc="1" uspid="35" ordinal="7" sl="35" sc="1" el="35" ec="2" bec="0" bev="0" fileid="2" />
                <SequencePoint vc="1" uspid="38" ordinal="8" sl="38" sc="1" el="38" ec="2" bec="0" bev="0" fileid="2" />
                <SequencePoint vc="1" uspid="41" ordinal="9" sl="41" sc="1" el="41" ec="2" bec="0" bev="0" fileid="2" />
                <SequencePoint vc="1" uspid="44" ordinal="10" sl="44" sc="1" el="44" ec="2" bec="0" bev="0" fileid="2" />
                <SequencePoint vc="1" uspid="47" ordinal="11" sl="47" sc="1" el="47" ec="2" bec="0" bev="0" fileid="2" />
                <SequencePoint vc="1" uspid="48" ordinal="12" sl="48" sc="1" el="48" ec="2" bec="0" bev="0" fileid="2" />
              </SequencePoints>
              <BranchPoints />
              <MethodPoint vc="13" uspid="0" p8:type="SequencePoint" ordinal="1" offset="1" sc="0" sl="24" ec="1" el="48" bec="0" bev="0" fileid="2" xmlns:p8="xsi" />
            </Method>
            <Method cyclomaticComplexity="2" nPathComplexity="0" sequenceCoverage="100" branchCoverage="100" isConstructor="False" isGetter="False" isSetter="False" isStatic="True">
              <Summary numSequencePoints="17" visitedSequencePoints="17" numBranchPoints="2" visitedBranchPoints="2" sequenceCoverage="100" branchCoverage="100" maxCyclomaticComplexity="2" minCyclomaticComplexity="2" visitedClasses="0" numClasses="0" visitedMethods="1" numMethods="1" />
              <MetadataToken />
              <Name>System.Void StefaniniCore.API.Startup::Configure(Microsoft.AspNetCore.Builder.IApplicationBuilder,Microsoft.AspNetCore.Hosting.IWebHostEnvironment)</Name>
              <FileRef uid="2" />
              <SequencePoints>
                <SequencePoint vc="1" uspid="52" ordinal="0" sl="52" sc="1" el="52" ec="2" bec="0" bev="0" fileid="2" />
                <SequencePoint vc="1" uspid="53" ordinal="1" sl="53" sc="1" el="53" ec="2" bec="2" bev="2" fileid="2" />
                <SequencePoint vc="1" uspid="54" ordinal="2" sl="54" sc="1" el="54" ec="2" bec="0" bev="0" fileid="2" />
                <SequencePoint vc="1" uspid="55" ordinal="3" sl="55" sc="1" el="55" ec="2" bec="0" bev="0" fileid="2" />
                <SequencePoint vc="1" uspid="56" ordinal="4" sl="56" sc="1" el="56" ec="2" bec="0" bev="0" fileid="2" />
                <SequencePoint vc="1" uspid="58" ordinal="5" sl="58" sc="1" el="58" ec="2" bec="0" bev="0" fileid="2" />
                <SequencePoint vc="1" uspid="61" ordinal="6" sl="61" sc="1" el="61" ec="2" bec="0" bev="0" fileid="2" />
                <SequencePoint vc="1" uspid="64" ordinal="7" sl="64" sc="1" el="64" ec="2" bec="0" bev="0" fileid="2" />
                <SequencePoint vc="1" uspid="67" ordinal="8" sl="67" sc="1" el="67" ec="2" bec="0" bev="0" fileid="2" />
                <SequencePoint vc="1" uspid="69" ordinal="9" sl="69" sc="1" el="69" ec="2" bec="0" bev="0" fileid="2" />
                <SequencePoint vc="1" uspid="70" ordinal="10" sl="70" sc="1" el="70" ec="2" bec="0" bev="0" fileid="2" />
                <SequencePoint vc="1" uspid="71" ordinal="11" sl="71" sc="1" el="71" ec="2" bec="0" bev="0" fileid="2" />
                <SequencePoint vc="1" uspid="72" ordinal="12" sl="72" sc="1" el="72" ec="2" bec="0" bev="0" fileid="2" />
                <SequencePoint vc="2" uspid="73" ordinal="13" sl="73" sc="1" el="73" ec="2" bec="0" bev="0" fileid="2" />
                <SequencePoint vc="1" uspid="76" ordinal="14" sl="76" sc="1" el="76" ec="2" bec="0" bev="0" fileid="2" />
                <SequencePoint vc="1" uspid="79" ordinal="15" sl="79" sc="1" el="79" ec="2" bec="0" bev="0" fileid="2" />
                <SequencePoint vc="1" uspid="80" ordinal="16" sl="80" sc="1" el="80" ec="2" bec="0" bev="0" fileid="2" />
              </SequencePoints>
              <BranchPoints>
                <BranchPoint vc="1" uspid="53" ordinal="0" path="0" offset="9" offsetend="11" sl="53" fileid="2" />
                <BranchPoint vc="1" uspid="53" ordinal="1" path="1" offset="9" offsetend="20" sl="53" fileid="2" />
              </BranchPoints>
              <MethodPoint vc="17" uspid="0" p8:type="SequencePoint" ordinal="2" offset="2" sc="0" sl="52" ec="1" el="80" bec="0" bev="0" fileid="2" xmlns:p8="xsi" />
            </Method>
            <Method cyclomaticComplexity="1" nPathComplexity="0" sequenceCoverage="100" branchCoverage="100" isConstructor="True" isGetter="False" isSetter="False" isStatic="True">
              <Summary numSequencePoints="4" visitedSequencePoints="4" numBranchPoints="0" visitedBranchPoints="0" sequenceCoverage="100" branchCoverage="100" maxCyclomaticComplexity="1" minCyclomaticComplexity="1" visitedClasses="0" numClasses="0" visitedMethods="1" numMethods="1" />
              <MetadataToken />
              <Name>System.Void StefaniniCore.API.Startup::.ctor(Microsoft.Extensions.Configuration.IConfiguration)</Name>
              <FileRef uid="2" />
              <SequencePoints>
                <SequencePoint vc="1" uspid="17" ordinal="0" sl="17" sc="1" el="17" ec="2" bec="0" bev="0" fileid="2" />
                <SequencePoint vc="1" uspid="18" ordinal="1" sl="18" sc="1" el="18" ec="2" bec="0" bev="0" fileid="2" />
                <SequencePoint vc="1" uspid="19" ordinal="2" sl="19" sc="1" el="19" ec="2" bec="0" bev="0" fileid="2" />
                <SequencePoint vc="1" uspid="20" ordinal="3" sl="20" sc="1" el="20" ec="2" bec="0" bev="0" fileid="2" />
              </SequencePoints>
              <BranchPoints />
              <MethodPoint vc="4" uspid="0" p8:type="SequencePoint" ordinal="3" offset="3" sc="0" sl="17" ec="1" el="20" bec="0" bev="0" fileid="2" xmlns:p8="xsi" />
            </Method>
          </Methods>
        </Class>
        <Class>
          <Summary numSequencePoints="27" visitedSequencePoints="18" numBranchPoints="0" visitedBranchPoints="0" sequenceCoverage="66.66" branchCoverage="100" maxCyclomaticComplexity="1" minCyclomaticComplexity="1" visitedClasses="1" numClasses="1" visitedMethods="4" numMethods="4" />
          <FullName>StefaniniCore.API.Controllers.ProfileTypesController</FullName>
          <Methods>
            <Method cyclomaticComplexity="1" nPathComplexity="0" sequenceCoverage="57.14" branchCoverage="100" isConstructor="False" isGetter="False" isSetter="False" isStatic="True">
              <Summary numSequencePoints="7" visitedSequencePoints="4" numBranchPoints="0" visitedBranchPoints="0" sequenceCoverage="57.14" branchCoverage="100" maxCyclomaticComplexity="1" minCyclomaticComplexity="1" visitedClasses="0" numClasses="0" visitedMethods="1" numMethods="1" />
              <MetadataToken />
              <Name>Microsoft.AspNetCore.Mvc.IActionResult StefaniniCore.API.Controllers.ProfileTypesController::GetById(System.Int32)</Name>
              <FileRef uid="3" />
              <SequencePoints>
                <SequencePoint vc="2" uspid="32" ordinal="0" sl="32" sc="1" el="32" ec="2" bec="0" bev="0" fileid="3" />
                <SequencePoint vc="2" uspid="34" ordinal="1" sl="34" sc="1" el="34" ec="2" bec="0" bev="0" fileid="3" />
                <SequencePoint vc="2" uspid="35" ordinal="2" sl="35" sc="1" el="35" ec="2" bec="0" bev="0" fileid="3" />
                <SequencePoint vc="0" uspid="37" ordinal="3" sl="37" sc="1" el="37" ec="2" bec="0" bev="0" fileid="3" />
                <SequencePoint vc="0" uspid="38" ordinal="4" sl="38" sc="1" el="38" ec="2" bec="0" bev="0" fileid="3" />
                <SequencePoint vc="0" uspid="39" ordinal="5" sl="39" sc="1" el="39" ec="2" bec="0" bev="0" fileid="3" />
                <SequencePoint vc="2" uspid="41" ordinal="6" sl="41" sc="1" el="41" ec="2" bec="0" bev="0" fileid="3" />
              </SequencePoints>
              <BranchPoints />
              <MethodPoint vc="4" uspid="0" p8:type="SequencePoint" ordinal="0" offset="0" sc="0" sl="32" ec="1" el="41" bec="0" bev="0" fileid="3" xmlns:p8="xsi" />
            </Method>
            <Method cyclomaticComplexity="1" nPathComplexity="0" sequenceCoverage="57.14" branchCoverage="100" isConstructor="False" isGetter="False" isSetter="False" isStatic="True">
              <Summary numSequencePoints="7" visitedSequencePoints="4" numBranchPoints="0" visitedBranchPoints="0" sequenceCoverage="57.14" branchCoverage="100" maxCyclomaticComplexity="1" minCyclomaticComplexity="1" visitedClasses="0" numClasses="0" visitedMethods="1" numMethods="1" />
              <MetadataToken />
              <Name>Microsoft.AspNetCore.Mvc.IActionResult StefaniniCore.API.Controllers.ProfileTypesController::Get()</Name>
              <FileRef uid="3" />
              <SequencePoints>
                <SequencePoint vc="2" uspid="48" ordinal="0" sl="48" sc="1" el="48" ec="2" bec="0" bev="0" fileid="3" />
                <SequencePoint vc="2" uspid="50" ordinal="1" sl="50" sc="1" el="50" ec="2" bec="0" bev="0" fileid="3" />
                <SequencePoint vc="2" uspid="51" ordinal="2" sl="51" sc="1" el="51" ec="2" bec="0" bev="0" fileid="3" />
                <SequencePoint vc="0" uspid="53" ordinal="3" sl="53" sc="1" el="53" ec="2" bec="0" bev="0" fileid="3" />
                <SequencePoint vc="0" uspid="54" ordinal="4" sl="54" sc="1" el="54" ec="2" bec="0" bev="0" fileid="3" />
                <SequencePoint vc="0" uspid="55" ordinal="5" sl="55" sc="1" el="55" ec="2" bec="0" bev="0" fileid="3" />
                <SequencePoint vc="2" uspid="57" ordinal="6" sl="57" sc="1" el="57" ec="2" bec="0" bev="0" fileid="3" />
              </SequencePoints>
              <BranchPoints />
              <MethodPoint vc="4" uspid="0" p8:type="SequencePoint" ordinal="1" offset="1" sc="0" sl="48" ec="1" el="57" bec="0" bev="0" fileid="3" xmlns:p8="xsi" />
            </Method>
            <Method cyclomaticComplexity="1" nPathComplexity="0" sequenceCoverage="62.5" branchCoverage="100" isConstructor="False" isGetter="False" isSetter="False" isStatic="True">
              <Summary numSequencePoints="8" visitedSequencePoints="5" numBranchPoints="0" visitedBranchPoints="0" sequenceCoverage="62.5" branchCoverage="100" maxCyclomaticComplexity="1" minCyclomaticComplexity="1" visitedClasses="0" numClasses="0" visitedMethods="1" numMethods="1" />
              <MetadataToken />
              <Name>Microsoft.AspNetCore.Mvc.IActionResult StefaniniCore.API.Controllers.ProfileTypesController::Delete(System.Int32)</Name>
              <FileRef uid="3" />
              <SequencePoints>
                <SequencePoint vc="1" uspid="64" ordinal="0" sl="64" sc="1" el="64" ec="2" bec="0" bev="0" fileid="3" />
                <SequencePoint vc="1" uspid="66" ordinal="1" sl="66" sc="1" el="66" ec="2" bec="0" bev="0" fileid="3" />
                <SequencePoint vc="1" uspid="67" ordinal="2" sl="67" sc="1" el="67" ec="2" bec="0" bev="0" fileid="3" />
                <SequencePoint vc="1" uspid="68" ordinal="3" sl="68" sc="1" el="68" ec="2" bec="0" bev="0" fileid="3" />
                <SequencePoint vc="0" uspid="70" ordinal="4" sl="70" sc="1" el="70" ec="2" bec="0" bev="0" fileid="3" />
                <SequencePoint vc="0" uspid="71" ordinal="5" sl="71" sc="1" el="71" ec="2" bec="0" bev="0" fileid="3" />
                <SequencePoint vc="0" uspid="72" ordinal="6" sl="72" sc="1" el="72" ec="2" bec="0" bev="0" fileid="3" />
                <SequencePoint vc="1" uspid="74" ordinal="7" sl="74" sc="1" el="74" ec="2" bec="0" bev="0" fileid="3" />
              </SequencePoints>
              <BranchPoints />
              <MethodPoint vc="5" uspid="0" p8:type="SequencePoint" ordinal="2" offset="2" sc="0" sl="64" ec="1" el="74" bec="0" bev="0" fileid="3" xmlns:p8="xsi" />
            </Method>
            <Method cyclomaticComplexity="1" nPathComplexity="0" sequenceCoverage="100" branchCoverage="100" isConstructor="True" isGetter="False" isSetter="False" isStatic="True">
              <Summary numSequencePoints="5" visitedSequencePoints="5" numBranchPoints="0" visitedBranchPoints="0" sequenceCoverage="100" branchCoverage="100" maxCyclomaticComplexity="1" minCyclomaticComplexity="1" visitedClasses="0" numClasses="0" visitedMethods="1" numMethods="1" />
              <MetadataToken />
              <Name>System.Void StefaniniCore.API.Controllers.ProfileTypesController::.ctor(Microsoft.Extensions.Logging.ILogger`1&lt;StefaniniCore.API.Controllers.ProfileTypesController&gt;,StefaniniCore.Application.AppInterfaces.IProfileTypeAppService)</Name>
              <FileRef uid="3" />
              <SequencePoints>
                <SequencePoint vc="6" uspid="21" ordinal="0" sl="21" sc="1" el="21" ec="2" bec="0" bev="0" fileid="3" />
                <SequencePoint vc="6" uspid="22" ordinal="1" sl="22" sc="1" el="22" ec="2" bec="0" bev="0" fileid="3" />
                <SequencePoint vc="6" uspid="23" ordinal="2" sl="23" sc="1" el="23" ec="2" bec="0" bev="0" fileid="3" />
                <SequencePoint vc="6" uspid="24" ordinal="3" sl="24" sc="1" el="24" ec="2" bec="0" bev="0" fileid="3" />
                <SequencePoint vc="6" uspid="25" ordinal="4" sl="25" sc="1" el="25" ec="2" bec="0" bev="0" fileid="3" />
              </SequencePoints>
              <BranchPoints />
              <MethodPoint vc="5" uspid="0" p8:type="SequencePoint" ordinal="3" offset="3" sc="0" sl="21" ec="1" el="25" bec="0" bev="0" fileid="3" xmlns:p8="xsi" />
            </Method>
          </Methods>
        </Class>
        <Class>
          <Summary numSequencePoints="41" visitedSequencePoints="22" numBranchPoints="0" visitedBranchPoints="0" sequenceCoverage="53.65" branchCoverage="100" maxCyclomaticComplexity="1" minCyclomaticComplexity="1" visitedClasses="1" numClasses="1" visitedMethods="5" numMethods="6" />
          <FullName>StefaniniCore.API.Controllers.TasksController</FullName>
          <Methods>
            <Method cyclomaticComplexity="1" nPathComplexity="0" sequenceCoverage="57.14" branchCoverage="100" isConstructor="False" isGetter="False" isSetter="False" isStatic="True">
              <Summary numSequencePoints="7" visitedSequencePoints="4" numBranchPoints="0" visitedBranchPoints="0" sequenceCoverage="57.14" branchCoverage="100" maxCyclomaticComplexity="1" minCyclomaticComplexity="1" visitedClasses="0" numClasses="0" visitedMethods="1" numMethods="1" />
              <MetadataToken />
              <Name>Microsoft.AspNetCore.Mvc.IActionResult StefaniniCore.API.Controllers.TasksController::GetById(System.Int32)</Name>
              <FileRef uid="4" />
              <SequencePoints>
                <SequencePoint vc="1" uspid="33" ordinal="0" sl="33" sc="1" el="33" ec="2" bec="0" bev="0" fileid="4" />
                <SequencePoint vc="1" uspid="35" ordinal="1" sl="35" sc="1" el="35" ec="2" bec="0" bev="0" fileid="4" />
                <SequencePoint vc="1" uspid="36" ordinal="2" sl="36" sc="1" el="36" ec="2" bec="0" bev="0" fileid="4" />
                <SequencePoint vc="0" uspid="38" ordinal="3" sl="38" sc="1" el="38" ec="2" bec="0" bev="0" fileid="4" />
                <SequencePoint vc="0" uspid="39" ordinal="4" sl="39" sc="1" el="39" ec="2" bec="0" bev="0" fileid="4" />
                <SequencePoint vc="0" uspid="40" ordinal="5" sl="40" sc="1" el="40" ec="2" bec="0" bev="0" fileid="4" />
                <SequencePoint vc="1" uspid="42" ordinal="6" sl="42" sc="1" el="42" ec="2" bec="0" bev="0" fileid="4" />
              </SequencePoints>
              <BranchPoints />
              <MethodPoint vc="4" uspid="0" p8:type="SequencePoint" ordinal="0" offset="0" sc="0" sl="33" ec="1" el="42" bec="0" bev="0" fileid="4" xmlns:p8="xsi" />
            </Method>
            <Method cyclomaticComplexity="1" nPathComplexity="0" sequenceCoverage="57.14" branchCoverage="100" isConstructor="False" isGetter="False" isSetter="False" isStatic="True">
              <Summary numSequencePoints="7" visitedSequencePoints="4" numBranchPoints="0" visitedBranchPoints="0" sequenceCoverage="57.14" branchCoverage="100" maxCyclomaticComplexity="1" minCyclomaticComplexity="1" visitedClasses="0" numClasses="0" visitedMethods="1" numMethods="1" />
              <MetadataToken />
              <Name>Microsoft.AspNetCore.Mvc.IActionResult StefaniniCore.API.Controllers.TasksController::Insert(StefaniniCore.Application.InputModels.Tasks.TaskInputModel)</Name>
              <FileRef uid="4" />
              <SequencePoints>
                <SequencePoint vc="2" uspid="49" ordinal="0" sl="49" sc="1" el="49" ec="2" bec="0" bev="0" fileid="4" />
                <SequencePoint vc="2" uspid="51" ordinal="1" sl="51" sc="1" el="51" ec="2" bec="0" bev="0" fileid="4" />
                <SequencePoint vc="2" uspid="52" ordinal="2" sl="52" sc="1" el="52" ec="2" bec="0" bev="0" fileid="4" />
                <SequencePoint vc="0" uspid="54" ordinal="3" sl="54" sc="1" el="54" ec="2" bec="0" bev="0" fileid="4" />
                <SequencePoint vc="0" uspid="55" ordinal="4" sl="55" sc="1" el="55" ec="2" bec="0" bev="0" fileid="4" />
                <SequencePoint vc="0" uspid="56" ordinal="5" sl="56" sc="1" el="56" ec="2" bec="0" bev="0" fileid="4" />
                <SequencePoint vc="2" uspid="58" ordinal="6" sl="58" sc="1" el="58" ec="2" bec="0" bev="0" fileid="4" />
              </SequencePoints>
              <BranchPoints />
              <MethodPoint vc="4" uspid="0" p8:type="SequencePoint" ordinal="1" offset="1" sc="0" sl="49" ec="1" el="58" bec="0" bev="0" fileid="4" xmlns:p8="xsi" />
            </Method>
            <Method cyclomaticComplexity="1" nPathComplexity="0" sequenceCoverage="57.14" branchCoverage="100" isConstructor="False" isGetter="False" isSetter="False" isStatic="True">
              <Summary numSequencePoints="7" visitedSequencePoints="4" numBranchPoints="0" visitedBranchPoints="0" sequenceCoverage="57.14" branchCoverage="100" maxCyclomaticComplexity="1" minCyclomaticComplexity="1" visitedClasses="0" numClasses="0" visitedMethods="1" numMethods="1" />
              <MetadataToken />
              <Name>Microsoft.AspNetCore.Mvc.IActionResult StefaniniCore.API.Controllers.TasksController::Update(StefaniniCore.Application.InputModels.Tasks.TaskInputModel)</Name>
              <FileRef uid="4" />
              <SequencePoints>
                <SequencePoint vc="2" uspid="65" ordinal="0" sl="65" sc="1" el="65" ec="2" bec="0" bev="0" fileid="4" />
                <SequencePoint vc="2" uspid="67" ordinal="1" sl="67" sc="1" el="67" ec="2" bec="0" bev="0" fileid="4" />
                <SequencePoint vc="2" uspid="68" ordinal="2" sl="68" sc="1" el="68" ec="2" bec="0" bev="0" fileid="4" />
                <SequencePoint vc="0" uspid="70" ordinal="3" sl="70" sc="1" el="70" ec="2" bec="0" bev="0" fileid="4" />
                <SequencePoint vc="0" uspid="71" ordinal="4" sl="71" sc="1" el="71" ec="2" bec="0" bev="0" fileid="4" />
                <SequencePoint vc="0" uspid="72" ordinal="5" sl="72" sc="1" el="72" ec="2" bec="0" bev="0" fileid="4" />
                <SequencePoint vc="2" uspid="74" ordinal="6" sl="74" sc="1" el="74" ec="2" bec="0" bev="0" fileid="4" />
              </SequencePoints>
              <BranchPoints />
              <MethodPoint vc="4" uspid="0" p8:type="SequencePoint" ordinal="2" offset="2" sc="0" sl="65" ec="1" el="74" bec="0" bev="0" fileid="4" xmlns:p8="xsi" />
            </Method>
            <Method cyclomaticComplexity="1" nPathComplexity="0" sequenceCoverage="0" branchCoverage="100" isConstructor="False" isGetter="False" isSetter="False" isStatic="True">
              <Summary numSequencePoints="7" visitedSequencePoints="0" numBranchPoints="0" visitedBranchPoints="0" sequenceCoverage="0" branchCoverage="100" maxCyclomaticComplexity="1" minCyclomaticComplexity="1" visitedClasses="0" numClasses="0" visitedMethods="0" numMethods="1" />
              <MetadataToken />
              <Name>Microsoft.AspNetCore.Mvc.IActionResult StefaniniCore.API.Controllers.TasksController::Get()</Name>
              <FileRef uid="4" />
              <SequencePoints>
                <SequencePoint vc="0" uspid="81" ordinal="0" sl="81" sc="1" el="81" ec="2" bec="0" bev="0" fileid="4" />
                <SequencePoint vc="0" uspid="83" ordinal="1" sl="83" sc="1" el="83" ec="2" bec="0" bev="0" fileid="4" />
                <SequencePoint vc="0" uspid="84" ordinal="2" sl="84" sc="1" el="84" ec="2" bec="0" bev="0" fileid="4" />
                <SequencePoint vc="0" uspid="86" ordinal="3" sl="86" sc="1" el="86" ec="2" bec="0" bev="0" fileid="4" />
                <SequencePoint vc="0" uspid="87" ordinal="4" sl="87" sc="1" el="87" ec="2" bec="0" bev="0" fileid="4" />
                <SequencePoint vc="0" uspid="88" ordinal="5" sl="88" sc="1" el="88" ec="2" bec="0" bev="0" fileid="4" />
                <SequencePoint vc="0" uspid="90" ordinal="6" sl="90" sc="1" el="90" ec="2" bec="0" bev="0" fileid="4" />
              </SequencePoints>
              <BranchPoints />
              <MethodPoint vc="0" uspid="0" p8:type="SequencePoint" ordinal="3" offset="3" sc="0" sl="81" ec="1" el="90" bec="0" bev="0" fileid="4" xmlns:p8="xsi" />
            </Method>
            <Method cyclomaticComplexity="1" nPathComplexity="0" sequenceCoverage="62.5" branchCoverage="100" isConstructor="False" isGetter="False" isSetter="False" isStatic="True">
              <Summary numSequencePoints="8" visitedSequencePoints="5" numBranchPoints="0" visitedBranchPoints="0" sequenceCoverage="62.5" branchCoverage="100" maxCyclomaticComplexity="1" minCyclomaticComplexity="1" visitedClasses="0" numClasses="0" visitedMethods="1" numMethods="1" />
              <MetadataToken />
              <Name>Microsoft.AspNetCore.Mvc.IActionResult StefaniniCore.API.Controllers.TasksController::Delete(System.Int32)</Name>
              <FileRef uid="4" />
              <SequencePoints>
                <SequencePoint vc="1" uspid="97" ordinal="0" sl="97" sc="1" el="97" ec="2" bec="0" bev="0" fileid="4" />
                <SequencePoint vc="1" uspid="99" ordinal="1" sl="99" sc="1" el="99" ec="2" bec="0" bev="0" fileid="4" />
                <SequencePoint vc="1" uspid="100" ordinal="2" sl="100" sc="1" el="100" ec="2" bec="0" bev="0" fileid="4" />
                <SequencePoint vc="1" uspid="101" ordinal="3" sl="101" sc="1" el="101" ec="2" bec="0" bev="0" fileid="4" />
                <SequencePoint vc="0" uspid="103" ordinal="4" sl="103" sc="1" el="103" ec="2" bec="0" bev="0" fileid="4" />
                <SequencePoint vc="0" uspid="104" ordinal="5" sl="104" sc="1" el="104" ec="2" bec="0" bev="0" fileid="4" />
                <SequencePoint vc="0" uspid="105" ordinal="6" sl="105" sc="1" el="105" ec="2" bec="0" bev="0" fileid="4" />
                <SequencePoint vc="1" uspid="107" ordinal="7" sl="107" sc="1" el="107" ec="2" bec="0" bev="0" fileid="4" />
              </SequencePoints>
              <BranchPoints />
              <MethodPoint vc="5" uspid="0" p8:type="SequencePoint" ordinal="4" offset="4" sc="0" sl="97" ec="1" el="107" bec="0" bev="0" fileid="4" xmlns:p8="xsi" />
            </Method>
            <Method cyclomaticComplexity="1" nPathComplexity="0" sequenceCoverage="100" branchCoverage="100" isConstructor="True" isGetter="False" isSetter="False" isStatic="True">
              <Summary numSequencePoints="5" visitedSequencePoints="5" numBranchPoints="0" visitedBranchPoints="0" sequenceCoverage="100" branchCoverage="100" maxCyclomaticComplexity="1" minCyclomaticComplexity="1" visitedClasses="0" numClasses="0" visitedMethods="1" numMethods="1" />
              <MetadataToken />
              <Name>System.Void StefaniniCore.API.Controllers.TasksController::.ctor(Microsoft.Extensions.Logging.ILogger`1&lt;StefaniniCore.API.Controllers.TasksController&gt;,StefaniniCore.Application.AppInterfaces.ITaskAppService)</Name>
              <FileRef uid="4" />
              <SequencePoints>
                <SequencePoint vc="6" uspid="22" ordinal="0" sl="22" sc="1" el="22" ec="2" bec="0" bev="0" fileid="4" />
                <SequencePoint vc="6" uspid="23" ordinal="1" sl="23" sc="1" el="23" ec="2" bec="0" bev="0" fileid="4" />
                <SequencePoint vc="6" uspid="24" ordinal="2" sl="24" sc="1" el="24" ec="2" bec="0" bev="0" fileid="4" />
                <SequencePoint vc="6" uspid="25" ordinal="3" sl="25" sc="1" el="25" ec="2" bec="0" bev="0" fileid="4" />
                <SequencePoint vc="6" uspid="26" ordinal="4" sl="26" sc="1" el="26" ec="2" bec="0" bev="0" fileid="4" />
              </SequencePoints>
              <BranchPoints />
              <MethodPoint vc="5" uspid="0" p8:type="SequencePoint" ordinal="5" offset="5" sc="0" sl="22" ec="1" el="26" bec="0" bev="0" fileid="4" xmlns:p8="xsi" />
            </Method>
          </Methods>
        </Class>
        <Class>
          <Summary numSequencePoints="24" visitedSequencePoints="6" numBranchPoints="8" visitedBranchPoints="0" sequenceCoverage="25" branchCoverage="0" maxCyclomaticComplexity="8" minCyclomaticComplexity="1" visitedClasses="1" numClasses="1" visitedMethods="2" numMethods="5" />
          <FullName>StefaniniCore.API.Controllers.Base.MainController</FullName>
          <Methods>
            <Method cyclomaticComplexity="1" nPathComplexity="0" sequenceCoverage="100" branchCoverage="100" isConstructor="False" isGetter="False" isSetter="False" isStatic="True">
              <Summary numSequencePoints="3" visitedSequencePoints="3" numBranchPoints="0" visitedBranchPoints="0" sequenceCoverage="100" branchCoverage="100" maxCyclomaticComplexity="1" minCyclomaticComplexity="1" visitedClasses="0" numClasses="0" visitedMethods="1" numMethods="1" />
              <MetadataToken />
              <Name>Microsoft.AspNetCore.Mvc.IActionResult StefaniniCore.API.Controllers.Base.MainController::ResponseOk(T)</Name>
              <FileRef uid="5" />
              <SequencePoints>
                <SequencePoint vc="9" uspid="21" ordinal="0" sl="21" sc="1" el="21" ec="2" bec="0" bev="0" fileid="5" />
                <SequencePoint vc="9" uspid="22" ordinal="1" sl="22" sc="1" el="22" ec="2" bec="0" bev="0" fileid="5" />
                <SequencePoint vc="9" uspid="23" ordinal="2" sl="23" sc="1" el="23" ec="2" bec="0" bev="0" fileid="5" />
              </SequencePoints>
              <BranchPoints />
              <MethodPoint vc="3" uspid="0" p8:type="SequencePoint" ordinal="0" offset="0" sc="0" sl="21" ec="1" el="23" bec="0" bev="0" fileid="5" xmlns:p8="xsi" />
            </Method>
            <Method cyclomaticComplexity="1" nPathComplexity="0" sequenceCoverage="100" branchCoverage="100" isConstructor="False" isGetter="False" isSetter="False" isStatic="True">
              <Summary numSequencePoints="3" visitedSequencePoints="3" numBranchPoints="0" visitedBranchPoints="0" sequenceCoverage="100" branchCoverage="100" maxCyclomaticComplexity="1" minCyclomaticComplexity="1" visitedClasses="0" numClasses="0" visitedMethods="1" numMethods="1" />
              <MetadataToken />
              <Name>Microsoft.AspNetCore.Mvc.IActionResult StefaniniCore.API.Controllers.Base.MainController::ResponseOkEmpty()</Name>
              <FileRef uid="5" />
              <SequencePoints>
                <SequencePoint vc="2" uspid="26" ordinal="0" sl="26" sc="1" el="26" ec="2" bec="0" bev="0" fileid="5" />
                <SequencePoint vc="2" uspid="27" ordinal="1" sl="27" sc="1" el="27" ec="2" bec="0" bev="0" fileid="5" />
                <SequencePoint vc="2" uspid="28" ordinal="2" sl="28" sc="1" el="28" ec="2" bec="0" bev="0" fileid="5" />
              </SequencePoints>
              <BranchPoints />
              <MethodPoint vc="3" uspid="0" p8:type="SequencePoint" ordinal="1" offset="1" sc="0" sl="26" ec="1" el="28" bec="0" bev="0" fileid="5" xmlns:p8="xsi" />
            </Method>
            <Method cyclomaticComplexity="1" nPathComplexity="0" sequenceCoverage="0" branchCoverage="100" isConstructor="False" isGetter="False" isSetter="False" isStatic="True">
              <Summary numSequencePoints="5" visitedSequencePoints="0" numBranchPoints="0" visitedBranchPoints="0" sequenceCoverage="0" branchCoverage="100" maxCyclomaticComplexity="1" minCyclomaticComplexity="1" visitedClasses="0" numClasses="0" visitedMethods="0" numMethods="1" />
              <MetadataToken />
              <Name>Microsoft.AspNetCore.Mvc.IActionResult StefaniniCore.API.Controllers.Base.MainController::ResponseWithError(Microsoft.Extensions.Logging.ILogger`1&lt;T&gt;,System.Exception)</Name>
              <FileRef uid="5" />
              <SequencePoints>
                <SequencePoint vc="0" uspid="38" ordinal="0" sl="38" sc="1" el="38" ec="2" bec="0" bev="0" fileid="5" />
                <SequencePoint vc="0" uspid="39" ordinal="1" sl="39" sc="1" el="39" ec="2" bec="0" bev="0" fileid="5" />
                <SequencePoint vc="0" uspid="41" ordinal="2" sl="41" sc="1" el="41" ec="2" bec="0" bev="0" fileid="5" />
                <SequencePoint vc="0" uspid="42" ordinal="3" sl="42" sc="1" el="42" ec="2" bec="0" bev="0" fileid="5" />
                <SequencePoint vc="0" uspid="43" ordinal="4" sl="43" sc="1" el="43" ec="2" bec="0" bev="0" fileid="5" />
              </SequencePoints>
              <BranchPoints />
              <MethodPoint vc="0" uspid="0" p8:type="SequencePoint" ordinal="2" offset="2" sc="0" sl="38" ec="1" el="43" bec="0" bev="0" fileid="5" xmlns:p8="xsi" />
            </Method>
            <Method cyclomaticComplexity="8" nPathComplexity="0" sequenceCoverage="0" branchCoverage="0" isConstructor="False" isGetter="False" isSetter="False" isStatic="True">
              <Summary numSequencePoints="10" visitedSequencePoints="0" numBranchPoints="8" visitedBranchPoints="0" sequenceCoverage="0" branchCoverage="0" maxCyclomaticComplexity="8" minCyclomaticComplexity="8" visitedClasses="0" numClasses="0" visitedMethods="0" numMethods="1" />
              <MetadataToken />
              <Name>Microsoft.AspNetCore.Mvc.IActionResult StefaniniCore.API.Controllers.Base.MainController::ResponseWithError(Microsoft.Extensions.Logging.ILogger`1&lt;StefaniniCore.API.Controllers.TasksController&gt;,System.Exception,System.Net.HttpStatusCode)</Name>
              <FileRef uid="5" />
              <SequencePoints>
                <SequencePoint vc="0" uspid="53" ordinal="0" sl="53" sc="1" el="53" ec="2" bec="0" bev="0" fileid="5" />
                <SequencePoint vc="0" uspid="54" ordinal="1" sl="54" sc="1" el="54" ec="2" bec="0" bev="0" fileid="5" />
                <SequencePoint vc="0" uspid="56" ordinal="2" sl="56" sc="1" el="56" ec="2" bec="0" bev="0" fileid="5" />
                <SequencePoint vc="0" uspid="58" ordinal="3" sl="58" sc="1" el="58" ec="2" bec="8" bev="0" fileid="5" />
                <SequencePoint vc="0" uspid="61" ordinal="4" sl="61" sc="1" el="61" ec="2" bec="0" bev="0" fileid="5" />
                <SequencePoint vc="0" uspid="64" ordinal="5" sl="64" sc="1" el="64" ec="2" bec="0" bev="0" fileid="5" />
                <SequencePoint vc="0" uspid="67" ordinal="6" sl="67" sc="1" el="67" ec="2" bec="0" bev="0" fileid="5" />
                <SequencePoint vc="0" uspid="70" ordinal="7" sl="70" sc="1" el="70" ec="2" bec="0" bev="0" fileid="5" />
                <SequencePoint vc="0" uspid="73" ordinal="8" sl="73" sc="1" el="73" ec="2" bec="0" bev="0" fileid="5" />
                <SequencePoint vc="0" uspid="75" ordinal="9" sl="75" sc="1" el="75" ec="2" bec="0" bev="0" fileid="5" />
              </SequencePoints>
              <BranchPoints>
                <BranchPoint vc="0" uspid="58" ordinal="0" path="0" offset="34" offsetend="61" sl="58" fileid="5" />
                <BranchPoint vc="0" uspid="58" ordinal="1" path="1" offset="34" offsetend="71" sl="58" fileid="5" />
                <BranchPoint vc="0" uspid="58" ordinal="4" path="4" offset="34" offsetend="86" sl="58" fileid="5" />
                <BranchPoint vc="0" uspid="58" ordinal="5" path="5" offset="34" offsetend="101" sl="58" fileid="5" />
                <BranchPoint vc="0" uspid="58" ordinal="7" path="1" offset="67" offsetend="116" sl="58" fileid="5" />
                <BranchPoint vc="0" uspid="58" ordinal="2" path="2" offset="34" offsetend="131" sl="58" fileid="5" />
                <BranchPoint vc="0" uspid="58" ordinal="3" path="3" offset="34" offsetend="131" sl="58" fileid="5" />
                <BranchPoint vc="0" uspid="58" ordinal="6" path="0" offset="67" offsetend="131" sl="58" fileid="5" />
              </BranchPoints>
              <MethodPoint vc="0" uspid="0" p8:type="SequencePoint" ordinal="3" offset="3" sc="0" sl="53" ec="1" el="75" bec="0" bev="0" fileid="5" xmlns:p8="xsi" />
            </Method>
            <Method cyclomaticComplexity="1" nPathComplexity="0" sequenceCoverage="0" branchCoverage="100" isConstructor="False" isGetter="False" isSetter="False" isStatic="True">
              <Summary numSequencePoints="3" visitedSequencePoints="0" numBranchPoints="0" visitedBranchPoints="0" sequenceCoverage="0" branchCoverage="100" maxCyclomaticComplexity="1" minCyclomaticComplexity="1" visitedClasses="0" numClasses="0" visitedMethods="0" numMethods="1" />
              <MetadataToken />
              <Name>System.Void StefaniniCore.API.Controllers.Base.MainController::LogError(Microsoft.Extensions.Logging.ILogger`1&lt;T&gt;,System.Exception)</Name>
              <FileRef uid="5" />
              <SequencePoints>
                <SequencePoint vc="0" uspid="78" ordinal="0" sl="78" sc="1" el="78" ec="2" bec="0" bev="0" fileid="5" />
                <SequencePoint vc="0" uspid="79" ordinal="1" sl="79" sc="1" el="79" ec="2" bec="0" bev="0" fileid="5" />
                <SequencePoint vc="0" uspid="80" ordinal="2" sl="80" sc="1" el="80" ec="2" bec="0" bev="0" fileid="5" />
              </SequencePoints>
              <BranchPoints />
              <MethodPoint vc="0" uspid="0" p8:type="SequencePoint" ordinal="4" offset="4" sc="0" sl="78" ec="1" el="80" bec="0" bev="0" fileid="5" xmlns:p8="xsi" />
            </Method>
          </Methods>
        </Class>
        <Class>
          <Summary numSequencePoints="5" visitedSequencePoints="5" numBranchPoints="0" visitedBranchPoints="0" sequenceCoverage="100" branchCoverage="100" maxCyclomaticComplexity="1" minCyclomaticComplexity="1" visitedClasses="1" numClasses="1" visitedMethods="2" numMethods="2" />
          <FullName>StefaniniCore.API.Controllers.Base.ResponseData`1</FullName>
          <Methods>
            <Method cyclomaticComplexity="1" nPathComplexity="0" sequenceCoverage="100" branchCoverage="100" isConstructor="False" isGetter="True" isSetter="False" isStatic="True">
              <Summary numSequencePoints="1" visitedSequencePoints="1" numBranchPoints="0" visitedBranchPoints="0" sequenceCoverage="100" branchCoverage="100" maxCyclomaticComplexity="1" minCyclomaticComplexity="1" visitedClasses="0" numClasses="0" visitedMethods="1" numMethods="1" />
              <MetadataToken />
              <Name>T StefaniniCore.API.Controllers.Base.ResponseData`1::get_Data()</Name>
              <FileRef uid="5" />
              <SequencePoints>
                <SequencePoint vc="33" uspid="85" ordinal="0" sl="85" sc="1" el="85" ec="2" bec="0" bev="0" fileid="5" />
              </SequencePoints>
              <BranchPoints />
              <MethodPoint vc="1" uspid="0" p8:type="SequencePoint" ordinal="0" offset="0" sc="0" sl="85" ec="1" el="85" bec="0" bev="0" fileid="5" xmlns:p8="xsi" />
            </Method>
            <Method cyclomaticComplexity="1" nPathComplexity="0" sequenceCoverage="100" branchCoverage="100" isConstructor="True" isGetter="False" isSetter="False" isStatic="True">
              <Summary numSequencePoints="4" visitedSequencePoints="4" numBranchPoints="0" visitedBranchPoints="0" sequenceCoverage="100" branchCoverage="100" maxCyclomaticComplexity="1" minCyclomaticComplexity="1" visitedClasses="0" numClasses="0" visitedMethods="1" numMethods="1" />
              <MetadataToken />
              <Name>System.Void StefaniniCore.API.Controllers.Base.ResponseData`1::.ctor(T)</Name>
              <FileRef uid="5" />
              <SequencePoints>
                <SequencePoint vc="12" uspid="87" ordinal="0" sl="87" sc="1" el="87" ec="2" bec="0" bev="0" fileid="5" />
                <SequencePoint vc="12" uspid="88" ordinal="1" sl="88" sc="1" el="88" ec="2" bec="0" bev="0" fileid="5" />
                <SequencePoint vc="12" uspid="89" ordinal="2" sl="89" sc="1" el="89" ec="2" bec="0" bev="0" fileid="5" />
                <SequencePoint vc="12" uspid="90" ordinal="3" sl="90" sc="1" el="90" ec="2" bec="0" bev="0" fileid="5" />
              </SequencePoints>
              <BranchPoints />
              <MethodPoint vc="4" uspid="0" p8:type="SequencePoint" ordinal="1" offset="1" sc="0" sl="87" ec="1" el="90" bec="0" bev="0" fileid="5" xmlns:p8="xsi" />
            </Method>
          </Methods>
        </Class>
      </Classes>
    </Module>
    <Module hash="359A7832-A19E-4DE3-A34B-FC15CD63E5AF">
      <ModulePath>StefaniniCore.Application.dll</ModulePath>
      <ModuleTime>2021-03-23T05:18:39</ModuleTime>
      <ModuleName>StefaniniCore.Application</ModuleName>
      <Files>
        <File uid="6" fullPath="C:\Git_Repos\Stefanini_Prova_Tecnica_Net_Core\Project\Backend_.NetCore_3_1\StefaniniCore.Application\Validators\Tasks\TaskInputModelValidator.cs" />
        <File uid="7" fullPath="C:\Git_Repos\Stefanini_Prova_Tecnica_Net_Core\Project\Backend_.NetCore_3_1\StefaniniCore.Application\ViewModels\ProfileTypes\ProfileTypeDetailViewModel.cs" />
        <File uid="8" fullPath="C:\Git_Repos\Stefanini_Prova_Tecnica_Net_Core\Project\Backend_.NetCore_3_1\StefaniniCore.Application\ViewModels\ProfileTypes\ProfileTypeListViewModel.cs" />
        <File uid="9" fullPath="C:\Git_Repos\Stefanini_Prova_Tecnica_Net_Core\Project\Backend_.NetCore_3_1\StefaniniCore.Application\ViewModels\Tasks\TaskDetailViewModel.cs" />
        <File uid="10" fullPath="C:\Git_Repos\Stefanini_Prova_Tecnica_Net_Core\Project\Backend_.NetCore_3_1\StefaniniCore.Application\ViewModels\Tasks\TaskListViewModel.cs" />
        <File uid="11" fullPath="C:\Git_Repos\Stefanini_Prova_Tecnica_Net_Core\Project\Backend_.NetCore_3_1\StefaniniCore.Application\ViewModels\UserSystems\UserSystemDetailViewModel.cs" />
        <File uid="12" fullPath="C:\Git_Repos\Stefanini_Prova_Tecnica_Net_Core\Project\Backend_.NetCore_3_1\StefaniniCore.Application\ViewModels\UserSystems\UserSystemSignInViewModel.cs" />
        <File uid="13" fullPath="C:\Git_Repos\Stefanini_Prova_Tecnica_Net_Core\Project\Backend_.NetCore_3_1\StefaniniCore.Application\ViewModels\ViewModelBase.cs" />
        <File uid="14" fullPath="C:\Git_Repos\Stefanini_Prova_Tecnica_Net_Core\Project\Backend_.NetCore_3_1\StefaniniCore.Application\Validators\UserSystems\UserSystemInputModelValidator.cs" />
        <File uid="15" fullPath="C:\Git_Repos\Stefanini_Prova_Tecnica_Net_Core\Project\Backend_.NetCore_3_1\StefaniniCore.Application\Validators\ProfileTypes\ProfileTypeInputModelValidator.cs" />
        <File uid="16" fullPath="C:\Git_Repos\Stefanini_Prova_Tecnica_Net_Core\Project\Backend_.NetCore_3_1\StefaniniCore.Application\Responses\ErrorResponse.cs" />
        <File uid="17" fullPath="C:\Git_Repos\Stefanini_Prova_Tecnica_Net_Core\Project\Backend_.NetCore_3_1\StefaniniCore.Application\Responses\ResponseBase.cs" />
        <File uid="18" fullPath="C:\Git_Repos\Stefanini_Prova_Tecnica_Net_Core\Project\Backend_.NetCore_3_1\StefaniniCore.Application\InputModels\UserSystems\UserSystemInputModel.cs" />
        <File uid="19" fullPath="C:\Git_Repos\Stefanini_Prova_Tecnica_Net_Core\Project\Backend_.NetCore_3_1\StefaniniCore.Application\InputModels\UserSystems\UserSystemSignInInputModel.cs" />
        <File uid="20" fullPath="C:\Git_Repos\Stefanini_Prova_Tecnica_Net_Core\Project\Backend_.NetCore_3_1\StefaniniCore.Application\InputModels\Tasks\TaskInputModel.cs" />
        <File uid="21" fullPath="C:\Git_Repos\Stefanini_Prova_Tecnica_Net_Core\Project\Backend_.NetCore_3_1\StefaniniCore.Application\InputModels\ProfileTypes\ProfileTypeInputModel.cs" />
        <File uid="22" fullPath="C:\Git_Repos\Stefanini_Prova_Tecnica_Net_Core\Project\Backend_.NetCore_3_1\StefaniniCore.Application\AppServices\ProfileTypeAppService.cs" />
        <File uid="23" fullPath="C:\Git_Repos\Stefanini_Prova_Tecnica_Net_Core\Project\Backend_.NetCore_3_1\StefaniniCore.Application\AppServices\TaskAppService.cs" />
        <File uid="24" fullPath="C:\Git_Repos\Stefanini_Prova_Tecnica_Net_Core\Project\Backend_.NetCore_3_1\StefaniniCore.Application\AppServices\UserSystemAppService.cs" />
      </Files>
      <Classes>
        <Class>
          <Summary numSequencePoints="8" visitedSequencePoints="8" numBranchPoints="0" visitedBranchPoints="0" sequenceCoverage="100" branchCoverage="100" maxCyclomaticComplexity="1" minCyclomaticComplexity="1" visitedClasses="1" numClasses="1" visitedMethods="1" numMethods="1" />
          <FullName>StefaniniCore.Services.Validators.TaskInputModelValidator</FullName>
          <Methods>
            <Method cyclomaticComplexity="1" nPathComplexity="0" sequenceCoverage="100" branchCoverage="100" isConstructor="True" isGetter="False" isSetter="False" isStatic="True">
              <Summary numSequencePoints="8" visitedSequencePoints="8" numBranchPoints="0" visitedBranchPoints="0" sequenceCoverage="100" branchCoverage="100" maxCyclomaticComplexity="1" minCyclomaticComplexity="1" visitedClasses="0" numClasses="0" visitedMethods="1" numMethods="1" />
              <MetadataToken />
              <Name>System.Void StefaniniCore.Services.Validators.TaskInputModelValidator::.ctor()</Name>
              <FileRef uid="6" />
              <SequencePoints>
                <SequencePoint vc="16" uspid="8" ordinal="0" sl="8" sc="1" el="8" ec="2" bec="0" bev="0" fileid="6" />
                <SequencePoint vc="16" uspid="9" ordinal="1" sl="9" sc="1" el="9" ec="2" bec="0" bev="0" fileid="6" />
                <SequencePoint vc="16" uspid="10" ordinal="2" sl="10" sc="1" el="10" ec="2" bec="0" bev="0" fileid="6" />
                <SequencePoint vc="16" uspid="12" ordinal="3" sl="12" sc="1" el="12" ec="2" bec="0" bev="0" fileid="6" />
                <SequencePoint vc="16" uspid="13" ordinal="4" sl="13" sc="1" el="13" ec="2" bec="0" bev="0" fileid="6" />
                <SequencePoint vc="16" uspid="14" ordinal="5" sl="14" sc="1" el="14" ec="2" bec="0" bev="0" fileid="6" />
                <SequencePoint vc="16" uspid="16" ordinal="6" sl="16" sc="1" el="16" ec="2" bec="0" bev="0" fileid="6" />
                <SequencePoint vc="16" uspid="17" ordinal="7" sl="17" sc="1" el="17" ec="2" bec="0" bev="0" fileid="6" />
              </SequencePoints>
              <BranchPoints />
              <MethodPoint vc="8" uspid="0" p8:type="SequencePoint" ordinal="0" offset="0" sc="0" sl="8" ec="1" el="17" bec="0" bev="0" fileid="6" xmlns:p8="xsi" />
            </Method>
          </Methods>
        </Class>
        <Class>
          <Summary numSequencePoints="18" visitedSequencePoints="5" numBranchPoints="0" visitedBranchPoints="0" sequenceCoverage="27.77" branchCoverage="100" maxCyclomaticComplexity="1" minCyclomaticComplexity="1" visitedClasses="1" numClasses="1" visitedMethods="1" numMethods="7" />
          <FullName>StefaniniCore.Application.ViewModels.ProfileTypeDetailViewModel</FullName>
          <Methods>
            <Method cyclomaticComplexity="1" nPathComplexity="0" sequenceCoverage="0" branchCoverage="100" isConstructor="False" isGetter="True" isSetter="False" isStatic="True">
              <Summary numSequencePoints="1" visitedSequencePoints="0" numBranchPoints="0" visitedBranchPoints="0" sequenceCoverage="0" branchCoverage="100" maxCyclomaticComplexity="1" minCyclomaticComplexity="1" visitedClasses="0" numClasses="0" visitedMethods="0" numMethods="1" />
              <MetadataToken />
              <Name>System.Int32 StefaniniCore.Application.ViewModels.ProfileTypeDetailViewModel::get_Id()</Name>
              <FileRef uid="7" />
              <SequencePoints>
                <SequencePoint vc="0" uspid="8" ordinal="0" sl="8" sc="1" el="8" ec="2" bec="0" bev="0" fileid="7" />
              </SequencePoints>
              <BranchPoints />
              <MethodPoint vc="0" uspid="0" p8:type="SequencePoint" ordinal="0" offset="0" sc="0" sl="8" ec="1" el="8" bec="0" bev="0" fileid="7" xmlns:p8="xsi" />
            </Method>
            <Method cyclomaticComplexity="1" nPathComplexity="0" sequenceCoverage="0" branchCoverage="100" isConstructor="False" isGetter="True" isSetter="False" isStatic="True">
              <Summary numSequencePoints="1" visitedSequencePoints="0" numBranchPoints="0" visitedBranchPoints="0" sequenceCoverage="0" branchCoverage="100" maxCyclomaticComplexity="1" minCyclomaticComplexity="1" visitedClasses="0" numClasses="0" visitedMethods="0" numMethods="1" />
              <MetadataToken />
              <Name>System.String StefaniniCore.Application.ViewModels.ProfileTypeDetailViewModel::get_Name()</Name>
              <FileRef uid="7" />
              <SequencePoints>
                <SequencePoint vc="0" uspid="10" ordinal="0" sl="10" sc="1" el="10" ec="2" bec="0" bev="0" fileid="7" />
              </SequencePoints>
              <BranchPoints />
              <MethodPoint vc="0" uspid="0" p8:type="SequencePoint" ordinal="1" offset="1" sc="0" sl="10" ec="1" el="10" bec="0" bev="0" fileid="7" xmlns:p8="xsi" />
            </Method>
            <Method cyclomaticComplexity="1" nPathComplexity="0" sequenceCoverage="0" branchCoverage="100" isConstructor="False" isGetter="True" isSetter="False" isStatic="True">
              <Summary numSequencePoints="1" visitedSequencePoints="0" numBranchPoints="0" visitedBranchPoints="0" sequenceCoverage="0" branchCoverage="100" maxCyclomaticComplexity="1" minCyclomaticComplexity="1" visitedClasses="0" numClasses="0" visitedMethods="0" numMethods="1" />
              <MetadataToken />
              <Name>System.Collections.Generic.IList`1&lt;StefaniniCore.Domain.Entities.Task&gt; StefaniniCore.Application.ViewModels.ProfileTypeDetailViewModel::get_Tasks()</Name>
              <FileRef uid="7" />
              <SequencePoints>
                <SequencePoint vc="0" uspid="12" ordinal="0" sl="12" sc="1" el="12" ec="2" bec="0" bev="0" fileid="7" />
              </SequencePoints>
              <BranchPoints />
              <MethodPoint vc="0" uspid="0" p8:type="SequencePoint" ordinal="2" offset="2" sc="0" sl="12" ec="1" el="12" bec="0" bev="0" fileid="7" xmlns:p8="xsi" />
            </Method>
            <Method cyclomaticComplexity="1" nPathComplexity="0" sequenceCoverage="0" branchCoverage="100" isConstructor="False" isGetter="True" isSetter="False" isStatic="True">
              <Summary numSequencePoints="1" visitedSequencePoints="0" numBranchPoints="0" visitedBranchPoints="0" sequenceCoverage="0" branchCoverage="100" maxCyclomaticComplexity="1" minCyclomaticComplexity="1" visitedClasses="0" numClasses="0" visitedMethods="0" numMethods="1" />
              <MetadataToken />
              <Name>System.Collections.Generic.IList`1&lt;StefaniniCore.Domain.Entities.Task&gt; StefaniniCore.Application.ViewModels.ProfileTypeDetailViewModel::get_TasksByProfileType()</Name>
              <FileRef uid="7" />
              <SequencePoints>
                <SequencePoint vc="0" uspid="14" ordinal="0" sl="14" sc="1" el="14" ec="2" bec="0" bev="0" fileid="7" />
              </SequencePoints>
              <BranchPoints />
              <MethodPoint vc="0" uspid="0" p8:type="SequencePoint" ordinal="3" offset="3" sc="0" sl="14" ec="1" el="14" bec="0" bev="0" fileid="7" xmlns:p8="xsi" />
            </Method>
            <Method cyclomaticComplexity="1" nPathComplexity="0" sequenceCoverage="0" branchCoverage="100" isConstructor="False" isGetter="False" isSetter="False" isStatic="True">
              <Summary numSequencePoints="6" visitedSequencePoints="0" numBranchPoints="0" visitedBranchPoints="0" sequenceCoverage="0" branchCoverage="100" maxCyclomaticComplexity="1" minCyclomaticComplexity="1" visitedClasses="0" numClasses="0" visitedMethods="0" numMethods="1" />
              <MetadataToken />
              <Name>System.Void StefaniniCore.Application.ViewModels.ProfileTypeDetailViewModel::Load(System.Int32,System.String,System.Collections.Generic.IList`1&lt;StefaniniCore.Domain.Entities.Task&gt;,System.Collections.Generic.IList`1&lt;StefaniniCore.Domain.Entities.Task&gt;)</Name>
              <FileRef uid="7" />
              <SequencePoints>
                <SequencePoint vc="0" uspid="23" ordinal="0" sl="23" sc="1" el="23" ec="2" bec="0" bev="0" fileid="7" />
                <SequencePoint vc="0" uspid="24" ordinal="1" sl="24" sc="1" el="24" ec="2" bec="0" bev="0" fileid="7" />
                <SequencePoint vc="0" uspid="25" ordinal="2" sl="25" sc="1" el="25" ec="2" bec="0" bev="0" fileid="7" />
                <SequencePoint vc="0" uspid="26" ordinal="3" sl="26" sc="1" el="26" ec="2" bec="0" bev="0" fileid="7" />
                <SequencePoint vc="0" uspid="27" ordinal="4" sl="27" sc="1" el="27" ec="2" bec="0" bev="0" fileid="7" />
                <SequencePoint vc="0" uspid="28" ordinal="5" sl="28" sc="1" el="28" ec="2" bec="0" bev="0" fileid="7" />
              </SequencePoints>
              <BranchPoints />
              <MethodPoint vc="0" uspid="0" p8:type="SequencePoint" ordinal="4" offset="4" sc="0" sl="23" ec="1" el="28" bec="0" bev="0" fileid="7" xmlns:p8="xsi" />
            </Method>
            <Method cyclomaticComplexity="1" nPathComplexity="0" sequenceCoverage="0" branchCoverage="100" isConstructor="False" isGetter="False" isSetter="False" isStatic="True">
              <Summary numSequencePoints="3" visitedSequencePoints="0" numBranchPoints="0" visitedBranchPoints="0" sequenceCoverage="0" branchCoverage="100" maxCyclomaticComplexity="1" minCyclomaticComplexity="1" visitedClasses="0" numClasses="0" visitedMethods="0" numMethods="1" />
              <MetadataToken />
              <Name>System.Void StefaniniCore.Application.ViewModels.ProfileTypeDetailViewModel::UpdateTasks(System.Collections.Generic.IList`1&lt;StefaniniCore.Domain.Entities.Task&gt;)</Name>
              <FileRef uid="7" />
              <SequencePoints>
                <SequencePoint vc="0" uspid="31" ordinal="0" sl="31" sc="1" el="31" ec="2" bec="0" bev="0" fileid="7" />
                <SequencePoint vc="0" uspid="32" ordinal="1" sl="32" sc="1" el="32" ec="2" bec="0" bev="0" fileid="7" />
                <SequencePoint vc="0" uspid="33" ordinal="2" sl="33" sc="1" el="33" ec="2" bec="0" bev="0" fileid="7" />
              </SequencePoints>
              <BranchPoints />
              <MethodPoint vc="0" uspid="0" p8:type="SequencePoint" ordinal="5" offset="5" sc="0" sl="31" ec="1" el="33" bec="0" bev="0" fileid="7" xmlns:p8="xsi" />
            </Method>
            <Method cyclomaticComplexity="1" nPathComplexity="0" sequenceCoverage="100" branchCoverage="100" isConstructor="True" isGetter="False" isSetter="False" isStatic="True">
              <Summary numSequencePoints="5" visitedSequencePoints="5" numBranchPoints="0" visitedBranchPoints="0" sequenceCoverage="100" branchCoverage="100" maxCyclomaticComplexity="1" minCyclomaticComplexity="1" visitedClasses="0" numClasses="0" visitedMethods="1" numMethods="1" />
              <MetadataToken />
              <Name>System.Void StefaniniCore.Application.ViewModels.ProfileTypeDetailViewModel::.ctor()</Name>
              <FileRef uid="7" />
              <SequencePoints>
                <SequencePoint vc="2" uspid="16" ordinal="0" sl="16" sc="1" el="16" ec="2" bec="0" bev="0" fileid="7" />
                <SequencePoint vc="2" uspid="17" ordinal="1" sl="17" sc="1" el="17" ec="2" bec="0" bev="0" fileid="7" />
                <SequencePoint vc="2" uspid="18" ordinal="2" sl="18" sc="1" el="18" ec="2" bec="0" bev="0" fileid="7" />
                <SequencePoint vc="2" uspid="19" ordinal="3" sl="19" sc="1" el="19" ec="2" bec="0" bev="0" fileid="7" />
                <SequencePoint vc="2" uspid="20" ordinal="4" sl="20" sc="1" el="20" ec="2" bec="0" bev="0" fileid="7" />
              </SequencePoints>
              <BranchPoints />
              <MethodPoint vc="5" uspid="0" p8:type="SequencePoint" ordinal="6" offset="6" sc="0" sl="16" ec="1" el="20" bec="0" bev="0" fileid="7" xmlns:p8="xsi" />
            </Method>
          </Methods>
        </Class>
        <Class>
          <Summary numSequencePoints="6" visitedSequencePoints="6" numBranchPoints="2" visitedBranchPoints="1" sequenceCoverage="100" branchCoverage="50" maxCyclomaticComplexity="2" minCyclomaticComplexity="1" visitedClasses="1" numClasses="1" visitedMethods="3" numMethods="3" />
          <FullName>StefaniniCore.Application.ViewModels.ProfileTypeListViewModel</FullName>
          <Methods>
            <Method cyclomaticComplexity="1" nPathComplexity="0" sequenceCoverage="100" branchCoverage="100" isConstructor="False" isGetter="True" isSetter="False" isStatic="True">
              <Summary numSequencePoints="1" visitedSequencePoints="1" numBranchPoints="0" visitedBranchPoints="0" sequenceCoverage="100" branchCoverage="100" maxCyclomaticComplexity="1" minCyclomaticComplexity="1" visitedClasses="0" numClasses="0" visitedMethods="1" numMethods="1" />
              <MetadataToken />
              <Name>System.Collections.Generic.IList`1&lt;StefaniniCore.Domain.Entities.ProfileType&gt; StefaniniCore.Application.ViewModels.ProfileTypeListViewModel::get_ProfileTypes()</Name>
              <FileRef uid="8" />
              <SequencePoints>
                <SequencePoint vc="9" uspid="8" ordinal="0" sl="8" sc="1" el="8" ec="2" bec="0" bev="0" fileid="8" />
              </SequencePoints>
              <BranchPoints />
              <MethodPoint vc="1" uspid="0" p8:type="SequencePoint" ordinal="0" offset="0" sc="0" sl="8" ec="1" el="8" bec="0" bev="0" fileid="8" xmlns:p8="xsi" />
            </Method>
            <Method cyclomaticComplexity="1" nPathComplexity="0" sequenceCoverage="100" branchCoverage="100" isConstructor="False" isGetter="True" isSetter="False" isStatic="True">
              <Summary numSequencePoints="1" visitedSequencePoints="1" numBranchPoints="0" visitedBranchPoints="0" sequenceCoverage="100" branchCoverage="100" maxCyclomaticComplexity="1" minCyclomaticComplexity="1" visitedClasses="0" numClasses="0" visitedMethods="1" numMethods="1" />
              <MetadataToken />
              <Name>System.Int32 StefaniniCore.Application.ViewModels.ProfileTypeListViewModel::get_TotalRecords()</Name>
              <FileRef uid="8" />
              <SequencePoints>
                <SequencePoint vc="4" uspid="10" ordinal="0" sl="10" sc="1" el="10" ec="2" bec="0" bev="0" fileid="8" />
              </SequencePoints>
              <BranchPoints />
              <MethodPoint vc="1" uspid="0" p8:type="SequencePoint" ordinal="1" offset="1" sc="0" sl="10" ec="1" el="10" bec="0" bev="0" fileid="8" xmlns:p8="xsi" />
            </Method>
            <Method cyclomaticComplexity="2" nPathComplexity="0" sequenceCoverage="100" branchCoverage="50" isConstructor="False" isGetter="False" isSetter="False" isStatic="True">
              <Summary numSequencePoints="4" visitedSequencePoints="4" numBranchPoints="2" visitedBranchPoints="1" sequenceCoverage="100" branchCoverage="50" maxCyclomaticComplexity="2" minCyclomaticComplexity="2" visitedClasses="0" numClasses="0" visitedMethods="1" numMethods="1" />
              <MetadataToken />
              <Name>System.Void StefaniniCore.Application.ViewModels.ProfileTypeListViewModel::Load(System.Collections.Generic.IList`1&lt;StefaniniCore.Domain.Entities.ProfileType&gt;)</Name>
              <FileRef uid="8" />
              <SequencePoints>
                <SequencePoint vc="2" uspid="13" ordinal="0" sl="13" sc="1" el="13" ec="2" bec="0" bev="0" fileid="8" />
                <SequencePoint vc="2" uspid="14" ordinal="1" sl="14" sc="1" el="14" ec="2" bec="0" bev="0" fileid="8" />
                <SequencePoint vc="2" uspid="15" ordinal="2" sl="15" sc="1" el="15" ec="2" bec="2" bev="1" fileid="8" />
                <SequencePoint vc="2" uspid="16" ordinal="3" sl="16" sc="1" el="16" ec="2" bec="0" bev="0" fileid="8" />
              </SequencePoints>
              <BranchPoints>
                <BranchPoint vc="0" uspid="15" ordinal="0" path="0" offset="11" offsetend="13" sl="15" fileid="8" />
                <BranchPoint vc="2" uspid="15" ordinal="1" path="1" offset="11" offsetend="16" sl="15" fileid="8" />
              </BranchPoints>
              <MethodPoint vc="4" uspid="0" p8:type="SequencePoint" ordinal="2" offset="2" sc="0" sl="13" ec="1" el="16" bec="0" bev="0" fileid="8" xmlns:p8="xsi" />
            </Method>
          </Methods>
        </Class>
        <Class>
          <Summary numSequencePoints="4" visitedSequencePoints="1" numBranchPoints="0" visitedBranchPoints="0" sequenceCoverage="25" branchCoverage="100" maxCyclomaticComplexity="1" minCyclomaticComplexity="1" visitedClasses="1" numClasses="1" visitedMethods="1" numMethods="2" />
          <FullName>StefaniniCore.Application.ViewModels.TaskDetailViewModel</FullName>
          <Methods>
            <Method cyclomaticComplexity="1" nPathComplexity="0" sequenceCoverage="100" branchCoverage="100" isConstructor="False" isGetter="True" isSetter="False" isStatic="True">
              <Summary numSequencePoints="1" visitedSequencePoints="1" numBranchPoints="0" visitedBranchPoints="0" sequenceCoverage="100" branchCoverage="100" maxCyclomaticComplexity="1" minCyclomaticComplexity="1" visitedClasses="0" numClasses="0" visitedMethods="1" numMethods="1" />
              <MetadataToken />
              <Name>StefaniniCore.Domain.Entities.Task StefaniniCore.Application.ViewModels.TaskDetailViewModel::get_Task()</Name>
              <FileRef uid="9" />
              <SequencePoints>
                <SequencePoint vc="12" uspid="7" ordinal="0" sl="7" sc="1" el="7" ec="2" bec="0" bev="0" fileid="9" />
              </SequencePoints>
              <BranchPoints />
              <MethodPoint vc="1" uspid="0" p8:type="SequencePoint" ordinal="0" offset="0" sc="0" sl="7" ec="1" el="7" bec="0" bev="0" fileid="9" xmlns:p8="xsi" />
            </Method>
            <Method cyclomaticComplexity="1" nPathComplexity="0" sequenceCoverage="0" branchCoverage="100" isConstructor="False" isGetter="False" isSetter="False" isStatic="True">
              <Summary numSequencePoints="3" visitedSequencePoints="0" numBranchPoints="0" visitedBranchPoints="0" sequenceCoverage="0" branchCoverage="100" maxCyclomaticComplexity="1" minCyclomaticComplexity="1" visitedClasses="0" numClasses="0" visitedMethods="0" numMethods="1" />
              <MetadataToken />
              <Name>System.Void StefaniniCore.Application.ViewModels.TaskDetailViewModel::Load(StefaniniCore.Domain.Entities.Task)</Name>
              <FileRef uid="9" />
              <SequencePoints>
                <SequencePoint vc="0" uspid="10" ordinal="0" sl="10" sc="1" el="10" ec="2" bec="0" bev="0" fileid="9" />
                <SequencePoint vc="0" uspid="11" ordinal="1" sl="11" sc="1" el="11" ec="2" bec="0" bev="0" fileid="9" />
                <SequencePoint vc="0" uspid="12" ordinal="2" sl="12" sc="1" el="12" ec="2" bec="0" bev="0" fileid="9" />
              </SequencePoints>
              <BranchPoints />
              <MethodPoint vc="0" uspid="0" p8:type="SequencePoint" ordinal="1" offset="1" sc="0" sl="10" ec="1" el="12" bec="0" bev="0" fileid="9" xmlns:p8="xsi" />
            </Method>
          </Methods>
        </Class>
        <Class>
          <Summary numSequencePoints="6" visitedSequencePoints="0" numBranchPoints="2" visitedBranchPoints="0" sequenceCoverage="0" branchCoverage="0" maxCyclomaticComplexity="2" minCyclomaticComplexity="1" visitedClasses="0" numClasses="1" visitedMethods="0" numMethods="3" />
          <FullName>StefaniniCore.Application.ViewModels.TaskListViewModel</FullName>
          <Methods>
            <Method cyclomaticComplexity="1" nPathComplexity="0" sequenceCoverage="0" branchCoverage="100" isConstructor="False" isGetter="True" isSetter="False" isStatic="True">
              <Summary numSequencePoints="1" visitedSequencePoints="0" numBranchPoints="0" visitedBranchPoints="0" sequenceCoverage="0" branchCoverage="100" maxCyclomaticComplexity="1" minCyclomaticComplexity="1" visitedClasses="0" numClasses="0" visitedMethods="0" numMethods="1" />
              <MetadataToken />
              <Name>System.Collections.Generic.IList`1&lt;StefaniniCore.Domain.Entities.Task&gt; StefaniniCore.Application.ViewModels.TaskListViewModel::get_Tasks()</Name>
              <FileRef uid="10" />
              <SequencePoints>
                <SequencePoint vc="0" uspid="8" ordinal="0" sl="8" sc="1" el="8" ec="2" bec="0" bev="0" fileid="10" />
              </SequencePoints>
              <BranchPoints />
              <MethodPoint vc="0" uspid="0" p8:type="SequencePoint" ordinal="0" offset="0" sc="0" sl="8" ec="1" el="8" bec="0" bev="0" fileid="10" xmlns:p8="xsi" />
            </Method>
            <Method cyclomaticComplexity="1" nPathComplexity="0" sequenceCoverage="0" branchCoverage="100" isConstructor="False" isGetter="True" isSetter="False" isStatic="True">
              <Summary numSequencePoints="1" visitedSequencePoints="0" numBranchPoints="0" visitedBranchPoints="0" sequenceCoverage="0" branchCoverage="100" maxCyclomaticComplexity="1" minCyclomaticComplexity="1" visitedClasses="0" numClasses="0" visitedMethods="0" numMethods="1" />
              <MetadataToken />
              <Name>System.Int32 StefaniniCore.Application.ViewModels.TaskListViewModel::get_TotalRecords()</Name>
              <FileRef uid="10" />
              <SequencePoints>
                <SequencePoint vc="0" uspid="10" ordinal="0" sl="10" sc="1" el="10" ec="2" bec="0" bev="0" fileid="10" />
              </SequencePoints>
              <BranchPoints />
              <MethodPoint vc="0" uspid="0" p8:type="SequencePoint" ordinal="1" offset="1" sc="0" sl="10" ec="1" el="10" bec="0" bev="0" fileid="10" xmlns:p8="xsi" />
            </Method>
            <Method cyclomaticComplexity="2" nPathComplexity="0" sequenceCoverage="0" branchCoverage="0" isConstructor="False" isGetter="False" isSetter="False" isStatic="True">
              <Summary numSequencePoints="4" visitedSequencePoints="0" numBranchPoints="2" visitedBranchPoints="0" sequenceCoverage="0" branchCoverage="0" maxCyclomaticComplexity="2" minCyclomaticComplexity="2" visitedClasses="0" numClasses="0" visitedMethods="0" numMethods="1" />
              <MetadataToken />
              <Name>System.Void StefaniniCore.Application.ViewModels.TaskListViewModel::Load(System.Collections.Generic.IList`1&lt;StefaniniCore.Domain.Entities.Task&gt;)</Name>
              <FileRef uid="10" />
              <SequencePoints>
                <SequencePoint vc="0" uspid="13" ordinal="0" sl="13" sc="1" el="13" ec="2" bec="0" bev="0" fileid="10" />
                <SequencePoint vc="0" uspid="14" ordinal="1" sl="14" sc="1" el="14" ec="2" bec="0" bev="0" fileid="10" />
                <SequencePoint vc="0" uspid="15" ordinal="2" sl="15" sc="1" el="15" ec="2" bec="2" bev="0" fileid="10" />
                <SequencePoint vc="0" uspid="16" ordinal="3" sl="16" sc="1" el="16" ec="2" bec="0" bev="0" fileid="10" />
              </SequencePoints>
              <BranchPoints>
                <BranchPoint vc="0" uspid="15" ordinal="0" path="0" offset="11" offsetend="13" sl="15" fileid="10" />
                <BranchPoint vc="0" uspid="15" ordinal="1" path="1" offset="11" offsetend="16" sl="15" fileid="10" />
              </BranchPoints>
              <MethodPoint vc="0" uspid="0" p8:type="SequencePoint" ordinal="2" offset="2" sc="0" sl="13" ec="1" el="16" bec="0" bev="0" fileid="10" xmlns:p8="xsi" />
            </Method>
          </Methods>
        </Class>
        <Class>
          <Summary numSequencePoints="19" visitedSequencePoints="0" numBranchPoints="0" visitedBranchPoints="0" sequenceCoverage="0" branchCoverage="100" maxCyclomaticComplexity="1" minCyclomaticComplexity="1" visitedClasses="0" numClasses="1" visitedMethods="0" numMethods="8" />
          <FullName>StefaniniCore.Application.ViewModels.UserSystemDetailViewModel</FullName>
          <Methods>
            <Method cyclomaticComplexity="1" nPathComplexity="0" sequenceCoverage="0" branchCoverage="100" isConstructor="False" isGetter="True" isSetter="False" isStatic="True">
              <Summary numSequencePoints="1" visitedSequencePoints="0" numBranchPoints="0" visitedBranchPoints="0" sequenceCoverage="0" branchCoverage="100" maxCyclomaticComplexity="1" minCyclomaticComplexity="1" visitedClasses="0" numClasses="0" visitedMethods="0" numMethods="1" />
              <MetadataToken />
              <Name>System.Int32 StefaniniCore.Application.ViewModels.UserSystemDetailViewModel::get_Id()</Name>
              <FileRef uid="11" />
              <SequencePoints>
                <SequencePoint vc="0" uspid="8" ordinal="0" sl="8" sc="1" el="8" ec="2" bec="0" bev="0" fileid="11" />
              </SequencePoints>
              <BranchPoints />
              <MethodPoint vc="0" uspid="0" p8:type="SequencePoint" ordinal="0" offset="0" sc="0" sl="8" ec="1" el="8" bec="0" bev="0" fileid="11" xmlns:p8="xsi" />
            </Method>
            <Method cyclomaticComplexity="1" nPathComplexity="0" sequenceCoverage="0" branchCoverage="100" isConstructor="False" isGetter="True" isSetter="False" isStatic="True">
              <Summary numSequencePoints="1" visitedSequencePoints="0" numBranchPoints="0" visitedBranchPoints="0" sequenceCoverage="0" branchCoverage="100" maxCyclomaticComplexity="1" minCyclomaticComplexity="1" visitedClasses="0" numClasses="0" visitedMethods="0" numMethods="1" />
              <MetadataToken />
              <Name>System.String StefaniniCore.Application.ViewModels.UserSystemDetailViewModel::get_UserName()</Name>
              <FileRef uid="11" />
              <SequencePoints>
                <SequencePoint vc="0" uspid="10" ordinal="0" sl="10" sc="1" el="10" ec="2" bec="0" bev="0" fileid="11" />
              </SequencePoints>
              <BranchPoints />
              <MethodPoint vc="0" uspid="0" p8:type="SequencePoint" ordinal="1" offset="1" sc="0" sl="10" ec="1" el="10" bec="0" bev="0" fileid="11" xmlns:p8="xsi" />
            </Method>
            <Method cyclomaticComplexity="1" nPathComplexity="0" sequenceCoverage="0" branchCoverage="100" isConstructor="False" isGetter="True" isSetter="False" isStatic="True">
              <Summary numSequencePoints="1" visitedSequencePoints="0" numBranchPoints="0" visitedBranchPoints="0" sequenceCoverage="0" branchCoverage="100" maxCyclomaticComplexity="1" minCyclomaticComplexity="1" visitedClasses="0" numClasses="0" visitedMethods="0" numMethods="1" />
              <MetadataToken />
              <Name>System.String StefaniniCore.Application.ViewModels.UserSystemDetailViewModel::get_Password()</Name>
              <FileRef uid="11" />
              <SequencePoints>
                <SequencePoint vc="0" uspid="12" ordinal="0" sl="12" sc="1" el="12" ec="2" bec="0" bev="0" fileid="11" />
              </SequencePoints>
              <BranchPoints />
              <MethodPoint vc="0" uspid="0" p8:type="SequencePoint" ordinal="2" offset="2" sc="0" sl="12" ec="1" el="12" bec="0" bev="0" fileid="11" xmlns:p8="xsi" />
            </Method>
            <Method cyclomaticComplexity="1" nPathComplexity="0" sequenceCoverage="0" branchCoverage="100" isConstructor="False" isGetter="True" isSetter="False" isStatic="True">
              <Summary numSequencePoints="1" visitedSequencePoints="0" numBranchPoints="0" visitedBranchPoints="0" sequenceCoverage="0" branchCoverage="100" maxCyclomaticComplexity="1" minCyclomaticComplexity="1" visitedClasses="0" numClasses="0" visitedMethods="0" numMethods="1" />
              <MetadataToken />
              <Name>System.Int32 StefaniniCore.Application.ViewModels.UserSystemDetailViewModel::get_ProfileTypeId()</Name>
              <FileRef uid="11" />
              <SequencePoints>
                <SequencePoint vc="0" uspid="14" ordinal="0" sl="14" sc="1" el="14" ec="2" bec="0" bev="0" fileid="11" />
              </SequencePoints>
              <BranchPoints />
              <MethodPoint vc="0" uspid="0" p8:type="SequencePoint" ordinal="3" offset="3" sc="0" sl="14" ec="1" el="14" bec="0" bev="0" fileid="11" xmlns:p8="xsi" />
            </Method>
            <Method cyclomaticComplexity="1" nPathComplexity="0" sequenceCoverage="0" branchCoverage="100" isConstructor="False" isGetter="True" isSetter="False" isStatic="True">
              <Summary numSequencePoints="1" visitedSequencePoints="0" numBranchPoints="0" visitedBranchPoints="0" sequenceCoverage="0" branchCoverage="100" maxCyclomaticComplexity="1" minCyclomaticComplexity="1" visitedClasses="0" numClasses="0" visitedMethods="0" numMethods="1" />
              <MetadataToken />
              <Name>System.Collections.Generic.IList`1&lt;StefaniniCore.Domain.Entities.ProfileType&gt; StefaniniCore.Application.ViewModels.UserSystemDetailViewModel::get_ProfileTypes()</Name>
              <FileRef uid="11" />
              <SequencePoints>
                <SequencePoint vc="0" uspid="16" ordinal="0" sl="16" sc="1" el="16" ec="2" bec="0" bev="0" fileid="11" />
              </SequencePoints>
              <BranchPoints />
              <MethodPoint vc="0" uspid="0" p8:type="SequencePoint" ordinal="4" offset="4" sc="0" sl="16" ec="1" el="16" bec="0" bev="0" fileid="11" xmlns:p8="xsi" />
            </Method>
            <Method cyclomaticComplexity="1" nPathComplexity="0" sequenceCoverage="0" branchCoverage="100" isConstructor="False" isGetter="False" isSetter="False" isStatic="True">
              <Summary numSequencePoints="7" visitedSequencePoints="0" numBranchPoints="0" visitedBranchPoints="0" sequenceCoverage="0" branchCoverage="100" maxCyclomaticComplexity="1" minCyclomaticComplexity="1" visitedClasses="0" numClasses="0" visitedMethods="0" numMethods="1" />
              <MetadataToken />
              <Name>System.Void StefaniniCore.Application.ViewModels.UserSystemDetailViewModel::Load(System.Int32,System.String,System.String,System.Int32,System.Collections.Generic.IList`1&lt;StefaniniCore.Domain.Entities.ProfileType&gt;)</Name>
              <FileRef uid="11" />
              <SequencePoints>
                <SequencePoint vc="0" uspid="24" ordinal="0" sl="24" sc="1" el="24" ec="2" bec="0" bev="0" fileid="11" />
                <SequencePoint vc="0" uspid="25" ordinal="1" sl="25" sc="1" el="25" ec="2" bec="0" bev="0" fileid="11" />
                <SequencePoint vc="0" uspid="26" ordinal="2" sl="26" sc="1" el="26" ec="2" bec="0" bev="0" fileid="11" />
                <SequencePoint vc="0" uspid="27" ordinal="3" sl="27" sc="1" el="27" ec="2" bec="0" bev="0" fileid="11" />
                <SequencePoint vc="0" uspid="28" ordinal="4" sl="28" sc="1" el="28" ec="2" bec="0" bev="0" fileid="11" />
                <SequencePoint vc="0" uspid="29" ordinal="5" sl="29" sc="1" el="29" ec="2" bec="0" bev="0" fileid="11" />
                <SequencePoint vc="0" uspid="30" ordinal="6" sl="30" sc="1" el="30" ec="2" bec="0" bev="0" fileid="11" />
              </SequencePoints>
              <BranchPoints />
              <MethodPoint vc="0" uspid="0" p8:type="SequencePoint" ordinal="5" offset="5" sc="0" sl="24" ec="1" el="30" bec="0" bev="0" fileid="11" xmlns:p8="xsi" />
            </Method>
            <Method cyclomaticComplexity="1" nPathComplexity="0" sequenceCoverage="0" branchCoverage="100" isConstructor="False" isGetter="False" isSetter="False" isStatic="True">
              <Summary numSequencePoints="3" visitedSequencePoints="0" numBranchPoints="0" visitedBranchPoints="0" sequenceCoverage="0" branchCoverage="100" maxCyclomaticComplexity="1" minCyclomaticComplexity="1" visitedClasses="0" numClasses="0" visitedMethods="0" numMethods="1" />
              <MetadataToken />
              <Name>System.Void StefaniniCore.Application.ViewModels.UserSystemDetailViewModel::UpdateProfileTypes(System.Collections.Generic.IList`1&lt;StefaniniCore.Domain.Entities.ProfileType&gt;)</Name>
              <FileRef uid="11" />
[...]
              <Summary numSequencePoints="4" visitedSequencePoints="0" numBranchPoints="0" visitedBranchPoints="0" sequenceCoverage="0" branchCoverage="100" maxCyclomaticComplexity="1" minCyclomaticComplexity="1" visitedClasses="0" numClasses="0" visitedMethods="0" numMethods="1" />
              <MetadataToken />
              <Name>System.Boolean StefaniniCore.Infra.DataStore.SQLServer.Repositories.TaskRepository::Exists(System.String)</Name>
              <FileRef uid="63" />
              <SequencePoints>
                <SequencePoint vc="0" uspid="14" ordinal="0" sl="14" sc="1" el="14" ec="2" bec="0" bev="0" fileid="63" />
                <SequencePoint vc="0" uspid="15" ordinal="1" sl="15" sc="1" el="15" ec="2" bec="0" bev="0" fileid="63" />
                <SequencePoint vc="0" uspid="16" ordinal="2" sl="16" sc="1" el="16" ec="2" bec="0" bev="0" fileid="63" />
                <SequencePoint vc="0" uspid="17" ordinal="3" sl="17" sc="1" el="17" ec="2" bec="0" bev="0" fileid="63" />
              </SequencePoints>
              <BranchPoints />
              <MethodPoint vc="0" uspid="0" p8:type="SequencePoint" ordinal="0" offset="0" sc="0" sl="14" ec="1" el="17" bec="0" bev="0" fileid="63" xmlns:p8="xsi" />
            </Method>
            <Method cyclomaticComplexity="1" nPathComplexity="0" sequenceCoverage="0" branchCoverage="100" isConstructor="False" isGetter="False" isSetter="False" isStatic="True">
              <Summary numSequencePoints="4" visitedSequencePoints="0" numBranchPoints="0" visitedBranchPoints="0" sequenceCoverage="0" branchCoverage="100" maxCyclomaticComplexity="1" minCyclomaticComplexity="1" visitedClasses="0" numClasses="0" visitedMethods="0" numMethods="1" />
              <MetadataToken />
              <Name>System.Collections.Generic.IList`1&lt;StefaniniCore.Domain.Entities.Task&gt; StefaniniCore.Infra.DataStore.SQLServer.Repositories.TaskRepository::GetsActivesOnly()</Name>
              <FileRef uid="63" />
              <SequencePoints>
                <SequencePoint vc="0" uspid="20" ordinal="0" sl="20" sc="1" el="20" ec="2" bec="0" bev="0" fileid="63" />
                <SequencePoint vc="0" uspid="21" ordinal="1" sl="21" sc="1" el="21" ec="2" bec="0" bev="0" fileid="63" />
                <SequencePoint vc="0" uspid="22" ordinal="2" sl="22" sc="1" el="22" ec="2" bec="0" bev="0" fileid="63" />
                <SequencePoint vc="0" uspid="23" ordinal="3" sl="23" sc="1" el="23" ec="2" bec="0" bev="0" fileid="63" />
              </SequencePoints>
              <BranchPoints />
              <MethodPoint vc="0" uspid="0" p8:type="SequencePoint" ordinal="1" offset="1" sc="0" sl="20" ec="1" el="23" bec="0" bev="0" fileid="63" xmlns:p8="xsi" />
            </Method>
            <Method cyclomaticComplexity="1" nPathComplexity="0" sequenceCoverage="100" branchCoverage="100" isConstructor="True" isGetter="False" isSetter="False" isStatic="True">
              <Summary numSequencePoints="1" visitedSequencePoints="1" numBranchPoints="0" visitedBranchPoints="0" sequenceCoverage="100" branchCoverage="100" maxCyclomaticComplexity="1" minCyclomaticComplexity="1" visitedClasses="0" numClasses="0" visitedMethods="1" numMethods="1" />
              <MetadataToken />
              <Name>System.Void StefaniniCore.Infra.DataStore.SQLServer.Repositories.TaskRepository::.ctor(StefaniniCore.Infra.DataStore.SQLServer.StefDbContext)</Name>
              <FileRef uid="63" />
              <SequencePoints>
                <SequencePoint vc="3" uspid="11" ordinal="0" sl="11" sc="1" el="11" ec="2" bec="0" bev="0" fileid="63" />
              </SequencePoints>
              <BranchPoints />
              <MethodPoint vc="1" uspid="0" p8:type="SequencePoint" ordinal="2" offset="2" sc="0" sl="11" ec="1" el="11" bec="0" bev="0" fileid="63" xmlns:p8="xsi" />
            </Method>
          </Methods>
        </Class>
        <Class>
          <Summary numSequencePoints="11" visitedSequencePoints="1" numBranchPoints="0" visitedBranchPoints="0" sequenceCoverage="9.09" branchCoverage="100" maxCyclomaticComplexity="1" minCyclomaticComplexity="1" visitedClasses="1" numClasses="1" visitedMethods="1" numMethods="4" />
          <FullName>StefaniniCore.Infra.DataStore.SQLServer.Repositories.UserSystemRepository</FullName>
          <Methods>
            <Method cyclomaticComplexity="1" nPathComplexity="0" sequenceCoverage="0" branchCoverage="100" isConstructor="False" isGetter="False" isSetter="False" isStatic="True">
              <Summary numSequencePoints="3" visitedSequencePoints="0" numBranchPoints="0" visitedBranchPoints="0" sequenceCoverage="0" branchCoverage="100" maxCyclomaticComplexity="1" minCyclomaticComplexity="1" visitedClasses="0" numClasses="0" visitedMethods="0" numMethods="1" />
              <MetadataToken />
              <Name>System.Collections.Generic.IList`1&lt;StefaniniCore.Domain.Entities.UserSystem&gt; StefaniniCore.Infra.DataStore.SQLServer.Repositories.UserSystemRepository::GetByProfileTypeId(System.Int32)</Name>
              <FileRef uid="64" />
              <SequencePoints>
                <SequencePoint vc="0" uspid="14" ordinal="0" sl="14" sc="1" el="14" ec="2" bec="0" bev="0" fileid="64" />
                <SequencePoint vc="0" uspid="15" ordinal="1" sl="15" sc="1" el="15" ec="2" bec="0" bev="0" fileid="64" />
                <SequencePoint vc="0" uspid="16" ordinal="2" sl="16" sc="1" el="16" ec="2" bec="0" bev="0" fileid="64" />
              </SequencePoints>
              <BranchPoints />
              <MethodPoint vc="0" uspid="0" p8:type="SequencePoint" ordinal="0" offset="0" sc="0" sl="14" ec="1" el="16" bec="0" bev="0" fileid="64" xmlns:p8="xsi" />
            </Method>
            <Method cyclomaticComplexity="1" nPathComplexity="0" sequenceCoverage="0" branchCoverage="100" isConstructor="False" isGetter="False" isSetter="False" isStatic="True">
              <Summary numSequencePoints="3" visitedSequencePoints="0" numBranchPoints="0" visitedBranchPoints="0" sequenceCoverage="0" branchCoverage="100" maxCyclomaticComplexity="1" minCyclomaticComplexity="1" visitedClasses="0" numClasses="0" visitedMethods="0" numMethods="1" />
              <MetadataToken />
              <Name>System.Collections.Generic.IList`1&lt;StefaniniCore.Domain.Entities.UserSystem&gt; StefaniniCore.Infra.DataStore.SQLServer.Repositories.UserSystemRepository::GetOnlyActives()</Name>
              <FileRef uid="64" />
              <SequencePoints>
                <SequencePoint vc="0" uspid="19" ordinal="0" sl="19" sc="1" el="19" ec="2" bec="0" bev="0" fileid="64" />
                <SequencePoint vc="0" uspid="20" ordinal="1" sl="20" sc="1" el="20" ec="2" bec="0" bev="0" fileid="64" />
                <SequencePoint vc="0" uspid="21" ordinal="2" sl="21" sc="1" el="21" ec="2" bec="0" bev="0" fileid="64" />
              </SequencePoints>
              <BranchPoints />
              <MethodPoint vc="0" uspid="0" p8:type="SequencePoint" ordinal="1" offset="1" sc="0" sl="19" ec="1" el="21" bec="0" bev="0" fileid="64" xmlns:p8="xsi" />
            </Method>
            <Method cyclomaticComplexity="1" nPathComplexity="0" sequenceCoverage="0" branchCoverage="100" isConstructor="False" isGetter="False" isSetter="False" isStatic="True">
              <Summary numSequencePoints="4" visitedSequencePoints="0" numBranchPoints="0" visitedBranchPoints="0" sequenceCoverage="0" branchCoverage="100" maxCyclomaticComplexity="1" minCyclomaticComplexity="1" visitedClasses="0" numClasses="0" visitedMethods="0" numMethods="1" />
              <MetadataToken />
              <Name>StefaniniCore.Domain.Entities.UserSystem StefaniniCore.Infra.DataStore.SQLServer.Repositories.UserSystemRepository::GetSignIn(System.String,System.String)</Name>
              <FileRef uid="64" />
              <SequencePoints>
                <SequencePoint vc="0" uspid="24" ordinal="0" sl="24" sc="1" el="24" ec="2" bec="0" bev="0" fileid="64" />
                <SequencePoint vc="0" uspid="25" ordinal="1" sl="25" sc="1" el="25" ec="2" bec="0" bev="0" fileid="64" />
                <SequencePoint vc="0" uspid="26" ordinal="2" sl="26" sc="1" el="26" ec="2" bec="0" bev="0" fileid="64" />
                <SequencePoint vc="0" uspid="27" ordinal="3" sl="27" sc="1" el="27" ec="2" bec="0" bev="0" fileid="64" />
              </SequencePoints>
              <BranchPoints />
              <MethodPoint vc="0" uspid="0" p8:type="SequencePoint" ordinal="2" offset="2" sc="0" sl="24" ec="1" el="27" bec="0" bev="0" fileid="64" xmlns:p8="xsi" />
            </Method>
            <Method cyclomaticComplexity="1" nPathComplexity="0" sequenceCoverage="100" branchCoverage="100" isConstructor="True" isGetter="False" isSetter="False" isStatic="True">
              <Summary numSequencePoints="1" visitedSequencePoints="1" numBranchPoints="0" visitedBranchPoints="0" sequenceCoverage="100" branchCoverage="100" maxCyclomaticComplexity="1" minCyclomaticComplexity="1" visitedClasses="0" numClasses="0" visitedMethods="1" numMethods="1" />
              <MetadataToken />
              <Name>System.Void StefaniniCore.Infra.DataStore.SQLServer.Repositories.UserSystemRepository::.ctor(StefaniniCore.Infra.DataStore.SQLServer.StefDbContext)</Name>
              <FileRef uid="64" />
              <SequencePoints>
                <SequencePoint vc="3" uspid="11" ordinal="0" sl="11" sc="1" el="11" ec="2" bec="0" bev="0" fileid="64" />
              </SequencePoints>
              <BranchPoints />
              <MethodPoint vc="1" uspid="0" p8:type="SequencePoint" ordinal="3" offset="3" sc="0" sl="11" ec="1" el="11" bec="0" bev="0" fileid="64" xmlns:p8="xsi" />
            </Method>
          </Methods>
        </Class>
        <Class>
          <Summary numSequencePoints="25" visitedSequencePoints="9" numBranchPoints="0" visitedBranchPoints="0" sequenceCoverage="36" branchCoverage="100" maxCyclomaticComplexity="1" minCyclomaticComplexity="1" visitedClasses="1" numClasses="1" visitedMethods="3" numMethods="7" />
          <FullName>StefaniniCore.Infra.DataStore.SQLServer.Repositories.Base.RepositoryBase`1</FullName>
          <Methods>
            <Method cyclomaticComplexity="1" nPathComplexity="0" sequenceCoverage="0" branchCoverage="100" isConstructor="False" isGetter="False" isSetter="False" isStatic="True">
              <Summary numSequencePoints="5" visitedSequencePoints="0" numBranchPoints="0" visitedBranchPoints="0" sequenceCoverage="0" branchCoverage="100" maxCyclomaticComplexity="1" minCyclomaticComplexity="1" visitedClasses="0" numClasses="0" visitedMethods="0" numMethods="1" />
              <MetadataToken />
              <Name>T StefaniniCore.Infra.DataStore.SQLServer.Repositories.Base.RepositoryBase`1::Insert(T)</Name>
              <FileRef uid="65" />
              <SequencePoints>
                <SequencePoint vc="0" uspid="26" ordinal="0" sl="26" sc="1" el="26" ec="2" bec="0" bev="0" fileid="65" />
                <SequencePoint vc="0" uspid="27" ordinal="1" sl="27" sc="1" el="27" ec="2" bec="0" bev="0" fileid="65" />
                <SequencePoint vc="0" uspid="28" ordinal="2" sl="28" sc="1" el="28" ec="2" bec="0" bev="0" fileid="65" />
                <SequencePoint vc="0" uspid="30" ordinal="3" sl="30" sc="1" el="30" ec="2" bec="0" bev="0" fileid="65" />
                <SequencePoint vc="0" uspid="31" ordinal="4" sl="31" sc="1" el="31" ec="2" bec="0" bev="0" fileid="65" />
              </SequencePoints>
              <BranchPoints />
              <MethodPoint vc="0" uspid="0" p8:type="SequencePoint" ordinal="0" offset="0" sc="0" sl="26" ec="1" el="31" bec="0" bev="0" fileid="65" xmlns:p8="xsi" />
            </Method>
            <Method cyclomaticComplexity="1" nPathComplexity="0" sequenceCoverage="0" branchCoverage="100" isConstructor="False" isGetter="False" isSetter="False" isStatic="True">
              <Summary numSequencePoints="5" visitedSequencePoints="0" numBranchPoints="0" visitedBranchPoints="0" sequenceCoverage="0" branchCoverage="100" maxCyclomaticComplexity="1" minCyclomaticComplexity="1" visitedClasses="0" numClasses="0" visitedMethods="0" numMethods="1" />
              <MetadataToken />
              <Name>T StefaniniCore.Infra.DataStore.SQLServer.Repositories.Base.RepositoryBase`1::Update(T)</Name>
              <FileRef uid="65" />
              <SequencePoints>
                <SequencePoint vc="0" uspid="34" ordinal="0" sl="34" sc="1" el="34" ec="2" bec="0" bev="0" fileid="65" />
                <SequencePoint vc="0" uspid="35" ordinal="1" sl="35" sc="1" el="35" ec="2" bec="0" bev="0" fileid="65" />
                <SequencePoint vc="0" uspid="36" ordinal="2" sl="36" sc="1" el="36" ec="2" bec="0" bev="0" fileid="65" />
                <SequencePoint vc="0" uspid="37" ordinal="3" sl="37" sc="1" el="37" ec="2" bec="0" bev="0" fileid="65" />
                <SequencePoint vc="0" uspid="38" ordinal="4" sl="38" sc="1" el="38" ec="2" bec="0" bev="0" fileid="65" />
              </SequencePoints>
              <BranchPoints />
              <MethodPoint vc="0" uspid="0" p8:type="SequencePoint" ordinal="1" offset="1" sc="0" sl="34" ec="1" el="38" bec="0" bev="0" fileid="65" xmlns:p8="xsi" />
            </Method>
            <Method cyclomaticComplexity="1" nPathComplexity="0" sequenceCoverage="100" branchCoverage="100" isConstructor="False" isGetter="False" isSetter="False" isStatic="True">
              <Summary numSequencePoints="1" visitedSequencePoints="1" numBranchPoints="0" visitedBranchPoints="0" sequenceCoverage="100" branchCoverage="100" maxCyclomaticComplexity="1" minCyclomaticComplexity="1" visitedClasses="0" numClasses="0" visitedMethods="1" numMethods="1" />
              <MetadataToken />
              <Name>System.Collections.Generic.IList`1&lt;T&gt; StefaniniCore.Infra.DataStore.SQLServer.Repositories.Base.RepositoryBase`1::GetAll()</Name>
              <FileRef uid="65" />
              <SequencePoints>
                <SequencePoint vc="1" uspid="40" ordinal="0" sl="40" sc="1" el="40" ec="2" bec="0" bev="0" fileid="65" />
              </SequencePoints>
              <BranchPoints />
              <MethodPoint vc="1" uspid="0" p8:type="SequencePoint" ordinal="2" offset="2" sc="0" sl="40" ec="1" el="40" bec="0" bev="0" fileid="65" xmlns:p8="xsi" />
            </Method>
            <Method cyclomaticComplexity="1" nPathComplexity="0" sequenceCoverage="0" branchCoverage="100" isConstructor="False" isGetter="False" isSetter="False" isStatic="True">
              <Summary numSequencePoints="1" visitedSequencePoints="0" numBranchPoints="0" visitedBranchPoints="0" sequenceCoverage="0" branchCoverage="100" maxCyclomaticComplexity="1" minCyclomaticComplexity="1" visitedClasses="0" numClasses="0" visitedMethods="0" numMethods="1" />
              <MetadataToken />
              <Name>T StefaniniCore.Infra.DataStore.SQLServer.Repositories.Base.RepositoryBase`1::GetById(System.Int32)</Name>
              <FileRef uid="65" />
              <SequencePoints>
                <SequencePoint vc="0" uspid="42" ordinal="0" sl="42" sc="1" el="42" ec="2" bec="0" bev="0" fileid="65" />
              </SequencePoints>
              <BranchPoints />
              <MethodPoint vc="0" uspid="0" p8:type="SequencePoint" ordinal="3" offset="3" sc="0" sl="42" ec="1" el="42" bec="0" bev="0" fileid="65" xmlns:p8="xsi" />
            </Method>
            <Method cyclomaticComplexity="1" nPathComplexity="0" sequenceCoverage="0" branchCoverage="100" isConstructor="False" isGetter="False" isSetter="False" isStatic="True">
              <Summary numSequencePoints="5" visitedSequencePoints="0" numBranchPoints="0" visitedBranchPoints="0" sequenceCoverage="0" branchCoverage="100" maxCyclomaticComplexity="1" minCyclomaticComplexity="1" visitedClasses="0" numClasses="0" visitedMethods="0" numMethods="1" />
              <MetadataToken />
              <Name>System.Void StefaniniCore.Infra.DataStore.SQLServer.Repositories.Base.RepositoryBase`1::DeleteById(System.Int32)</Name>
              <FileRef uid="65" />
              <SequencePoints>
                <SequencePoint vc="0" uspid="45" ordinal="0" sl="45" sc="1" el="45" ec="2" bec="0" bev="0" fileid="65" />
                <SequencePoint vc="0" uspid="46" ordinal="1" sl="46" sc="1" el="46" ec="2" bec="0" bev="0" fileid="65" />
                <SequencePoint vc="0" uspid="47" ordinal="2" sl="47" sc="1" el="47" ec="2" bec="0" bev="0" fileid="65" />
                <SequencePoint vc="0" uspid="48" ordinal="3" sl="48" sc="1" el="48" ec="2" bec="0" bev="0" fileid="65" />
                <SequencePoint vc="0" uspid="49" ordinal="4" sl="49" sc="1" el="49" ec="2" bec="0" bev="0" fileid="65" />
              </SequencePoints>
              <BranchPoints />
              <MethodPoint vc="0" uspid="0" p8:type="SequencePoint" ordinal="4" offset="4" sc="0" sl="45" ec="1" el="49" bec="0" bev="0" fileid="65" xmlns:p8="xsi" />
            </Method>
            <Method cyclomaticComplexity="1" nPathComplexity="0" sequenceCoverage="100" branchCoverage="100" isConstructor="False" isGetter="False" isSetter="False" isStatic="True">
              <Summary numSequencePoints="4" visitedSequencePoints="4" numBranchPoints="0" visitedBranchPoints="0" sequenceCoverage="100" branchCoverage="100" maxCyclomaticComplexity="1" minCyclomaticComplexity="1" visitedClasses="0" numClasses="0" visitedMethods="1" numMethods="1" />
              <MetadataToken />
              <Name>System.Void StefaniniCore.Infra.DataStore.SQLServer.Repositories.Base.RepositoryBase`1::Dispose()</Name>
              <FileRef uid="65" />
              <SequencePoints>
                <SequencePoint vc="8" uspid="52" ordinal="0" sl="52" sc="1" el="52" ec="2" bec="0" bev="0" fileid="65" />
                <SequencePoint vc="8" uspid="53" ordinal="1" sl="53" sc="1" el="53" ec="2" bec="0" bev="0" fileid="65" />
                <SequencePoint vc="8" uspid="54" ordinal="2" sl="54" sc="1" el="54" ec="2" bec="0" bev="0" fileid="65" />
                <SequencePoint vc="8" uspid="55" ordinal="3" sl="55" sc="1" el="55" ec="2" bec="0" bev="0" fileid="65" />
              </SequencePoints>
              <BranchPoints />
              <MethodPoint vc="4" uspid="0" p8:type="SequencePoint" ordinal="5" offset="5" sc="0" sl="52" ec="1" el="55" bec="0" bev="0" fileid="65" xmlns:p8="xsi" />
            </Method>
            <Method cyclomaticComplexity="1" nPathComplexity="0" sequenceCoverage="100" branchCoverage="100" isConstructor="True" isGetter="False" isSetter="False" isStatic="True">
              <Summary numSequencePoints="4" visitedSequencePoints="4" numBranchPoints="0" visitedBranchPoints="0" sequenceCoverage="100" branchCoverage="100" maxCyclomaticComplexity="1" minCyclomaticComplexity="1" visitedClasses="0" numClasses="0" visitedMethods="1" numMethods="1" />
              <MetadataToken />
              <Name>System.Void StefaniniCore.Infra.DataStore.SQLServer.Repositories.Base.RepositoryBase`1::.ctor(StefaniniCore.Infra.DataStore.SQLServer.StefDbContext)</Name>
              <FileRef uid="65" />
              <SequencePoints>
                <SequencePoint vc="4" uspid="13" ordinal="0" sl="13" sc="1" el="13" ec="2" bec="0" bev="0" fileid="65" />
                <SequencePoint vc="4" uspid="14" ordinal="1" sl="14" sc="1" el="14" ec="2" bec="0" bev="0" fileid="65" />
                <SequencePoint vc="4" uspid="15" ordinal="2" sl="15" sc="1" el="15" ec="2" bec="0" bev="0" fileid="65" />
                <SequencePoint vc="4" uspid="23" ordinal="3" sl="23" sc="1" el="23" ec="2" bec="0" bev="0" fileid="65" />
              </SequencePoints>
              <BranchPoints />
              <MethodPoint vc="4" uspid="0" p8:type="SequencePoint" ordinal="6" offset="6" sc="0" sl="13" ec="1" el="23" bec="0" bev="0" fileid="65" xmlns:p8="xsi" />
            </Method>
          </Methods>
        </Class>
      </Classes>
    </Module>
  </Modules>
</CoverageSession>